ffmpeg version N-87327-g18821e3 Copyright (c) 2000-2017 the FFmpeg developers
  built with gcc 7.2.0 (GCC)
  configuration: --enable-gpl --enable-version3 --enable-cuda --enable-cuvid --enable-d3d11va --enable-dxva2 --enable-libmfx --enable-nvenc --enable-avisynth --enable-bzlib --enable-fontconfig --enable-frei0r --enable-gnutls --enable-iconv --enable-libass --enable-libbluray --enable-libbs2b --enable-libcaca --enable-libfreetype --enable-libgme --enable-libgsm --enable-libilbc --enable-libmodplug --enable-libmp3lame --enable-libopencore-amrnb --enable-libopencore-amrwb --enable-libopenh264 --enable-libopenjpeg --enable-libopus --enable-librtmp --enable-libsnappy --enable-libsoxr --enable-libspeex --enable-libtheora --enable-libtwolame --enable-libvidstab --enable-libvo-amrwbenc --enable-libvorbis --enable-libvpx --enable-libwavpack --enable-libwebp --enable-libx264 --enable-libx265 --enable-libxavs --enable-libxvid --enable-libxml2 --enable-libzimg --enable-lzma --enable-zlib
  libavutil      55. 75.100 / 55. 75.100
  libavcodec     57.106.101 / 57.106.101
  libavformat    57. 82.100 / 57. 82.100
  libavdevice    57.  8.101 / 57.  8.101
  libavfilter     6.105.100 /  6.105.100
  libswscale      4.  7.103 /  4.  7.103
  libswresample   2.  8.100 /  2.  8.100
  libpostproc    54.  6.100 / 54.  6.100
Splitting the commandline.
Reading option '-v' ... matched as option 'v' (set logging level) with argument 'debug'.
Reading option '-nostdin' ... matched as option 'stdin' (enable or disable interaction on standard input) with argument 0.
Reading option '-progress' ... matched as option 'progress' (write program-readable progress information) with argument 'C:/Users/Lina/AppData/Local/Temp/KritaFFmpegProgress.XBTtwc'.
Reading option '-r' ... matched as option 'r' (set frame rate (Hz value, fraction or abbreviation)) with argument '24'.
Reading option '-start_number' ... matched as AVOption 'start_number' with argument '0'.
Reading option '-i' ... matched as input url with argument 'C:/Users/Lina/OneDrive/Documents/TERRITOIRE/Lua/frame%04d.png'.
Reading option '-vf' ... matched as option 'vf' (set video filters) with argument 'palettegen'.
Reading option '-y' ... matched as option 'y' (overwrite output files) with argument '1'.
Reading option 'C:/Users/Lina/OneDrive/Documents/TERRITOIRE/Lua/palette.png' ... matched as output url.
Finished splitting the commandline.
Parsing a group of options: global .
Applying option v (set logging level) with argument debug.
Applying option nostdin (enable or disable interaction on standard input) with argument 0.
Applying option progress (write program-readable progress information) with argument C:/Users/Lina/AppData/Local/Temp/KritaFFmpegProgress.XBTtwc.
[file @ 0000000002675380] Setting default whitelist 'file,crypto'
Applying option y (overwrite output files) with argument 1.
Successfully parsed a group of options.
Parsing a group of options: input url C:/Users/Lina/OneDrive/Documents/TERRITOIRE/Lua/frame%04d.png.
Applying option r (set frame rate (Hz value, fraction or abbreviation)) with argument 24.
Successfully parsed a group of options.
Opening an input file: C:/Users/Lina/OneDrive/Documents/TERRITOIRE/Lua/frame%04d.png.
[image2 @ 00000000026b5f60] Opening 'C:/Users/Lina/OneDrive/Documents/TERRITOIRE/Lua/frame0000.png' for reading
[file @ 0000000000ea90c0] Setting default whitelist 'file,crypto'
[AVIOContext @ 0000000000ea9180] Statistics: 177033 bytes read, 0 seeks
[image2 @ 00000000026b5f60] Opening 'C:/Users/Lina/OneDrive/Documents/TERRITOIRE/Lua/frame0001.png' for reading
[file @ 0000000000ea9380] Setting default whitelist 'file,crypto'
[AVIOContext @ 0000000000ea9440] Statistics: 177033 bytes read, 0 seeks
[image2 @ 00000000026b5f60] Opening 'C:/Users/Lina/OneDrive/Documents/TERRITOIRE/Lua/frame0002.png' for reading
[file @ 0000000000ea9400] Setting default whitelist 'file,crypto'
[AVIOContext @ 0000000000ea9900] Statistics: 177033 bytes read, 0 seeks
[image2 @ 00000000026b5f60] Opening 'C:/Users/Lina/OneDrive/Documents/TERRITOIRE/Lua/frame0003.png' for reading
[file @ 0000000000ea9900] Setting default whitelist 'file,crypto'
[AVIOContext @ 0000000000ea99e0] Statistics: 177033 bytes read, 0 seeks
[image2 @ 00000000026b5f60] Opening 'C:/Users/Lina/OneDrive/Documents/TERRITOIRE/Lua/frame0004.png' for reading
[file @ 0000000000ea99a0] Setting default whitelist 'file,crypto'
[AVIOContext @ 0000000000ea9bc0] Statistics: 177033 bytes read, 0 seeks
[image2 @ 00000000026b5f60] Opening 'C:/Users/Lina/OneDrive/Documents/TERRITOIRE/Lua/frame0005.png' for reading
[file @ 0000000000ea9bc0] Setting default whitelist 'file,crypto'
[AVIOContext @ 0000000000ea9ca0] Statistics: 177033 bytes read, 0 seeks
[image2 @ 00000000026b5f60] Opening 'C:/Users/Lina/OneDrive/Documents/TERRITOIRE/Lua/frame0006.png' for reading
[file @ 0000000000ea9ec0] Setting default whitelist 'file,crypto'
[AVIOContext @ 0000000000ea9bc0] Statistics: 177033 bytes read, 0 seeks
[image2 @ 00000000026b5f60] Opening 'C:/Users/Lina/OneDrive/Documents/TERRITOIRE/Lua/frame0007.png' for reading
[file @ 0000000000ea9bc0] Setting default whitelist 'file,crypto'
[AVIOContext @ 00000000026b7800] Statistics: 177115 bytes read, 0 seeks
[image2 @ 00000000026b5f60] Opening 'C:/Users/Lina/OneDrive/Documents/TERRITOIRE/Lua/frame0008.png' for reading
[file @ 0000000000ea9bc0] Setting default whitelist 'file,crypto'
[AVIOContext @ 00000000026b7800] Statistics: 177115 bytes read, 0 seeks
[image2 @ 00000000026b5f60] Opening 'C:/Users/Lina/OneDrive/Documents/TERRITOIRE/Lua/frame0009.png' for reading
[file @ 00000000026b7800] Setting default whitelist 'file,crypto'
[AVIOContext @ 00000000026b78c0] Statistics: 177115 bytes read, 0 seeks
[image2 @ 00000000026b5f60] Opening 'C:/Users/Lina/OneDrive/Documents/TERRITOIRE/Lua/frame0010.png' for reading
[file @ 00000000026b7880] Setting default whitelist 'file,crypto'
[AVIOContext @ 00000000026b7a60] Statistics: 177115 bytes read, 0 seeks
[image2 @ 00000000026b5f60] Opening 'C:/Users/Lina/OneDrive/Documents/TERRITOIRE/Lua/frame0011.png' for reading
[file @ 00000000026b7880] Setting default whitelist 'file,crypto'
[AVIOContext @ 00000000026b8a80] Statistics: 177115 bytes read, 0 seeks
[image2 @ 00000000026b5f60] Opening 'C:/Users/Lina/OneDrive/Documents/TERRITOIRE/Lua/frame0012.png' for reading
[file @ 00000000026b7880] Setting default whitelist 'file,crypto'
[AVIOContext @ 00000000026b8a80] Statistics: 177115 bytes read, 0 seeks
[image2 @ 00000000026b5f60] Opening 'C:/Users/Lina/OneDrive/Documents/TERRITOIRE/Lua/frame0013.png' for reading
[file @ 00000000026b7880] Setting default whitelist 'file,crypto'
[AVIOContext @ 00000000026b8a80] Statistics: 177115 bytes read, 0 seeks
[image2 @ 00000000026b5f60] Opening 'C:/Users/Lina/OneDrive/Documents/TERRITOIRE/Lua/frame0014.png' for reading
[file @ 00000000026b7880] Setting default whitelist 'file,crypto'
[AVIOContext @ 00000000026b8a80] Statistics: 177033 bytes read, 0 seeks
[image2 @ 00000000026b5f60] Opening 'C:/Users/Lina/OneDrive/Documents/TERRITOIRE/Lua/frame0015.png' for reading
[file @ 00000000026b7880] Setting default whitelist 'file,crypto'
[AVIOContext @ 00000000026b8a80] Statistics: 177033 bytes read, 0 seeks
[image2 @ 00000000026b5f60] Opening 'C:/Users/Lina/OneDrive/Documents/TERRITOIRE/Lua/frame0016.png' for reading
[file @ 00000000026b7880] Setting default whitelist 'file,crypto'
[AVIOContext @ 00000000026b8a80] Statistics: 177033 bytes read, 0 seeks
[image2 @ 00000000026b5f60] Opening 'C:/Users/Lina/OneDrive/Documents/TERRITOIRE/Lua/frame0017.png' for reading
[file @ 00000000026b7880] Setting default whitelist 'file,crypto'
[AVIOContext @ 00000000026b8a80] Statistics: 177033 bytes read, 0 seeks
[image2 @ 00000000026b5f60] Opening 'C:/Users/Lina/OneDrive/Documents/TERRITOIRE/Lua/frame0018.png' for reading
[file @ 00000000026b7880] Setting default whitelist 'file,crypto'
[AVIOContext @ 00000000026b8a80] Statistics: 177033 bytes read, 0 seeks
[image2 @ 00000000026b5f60] Opening 'C:/Users/Lina/OneDrive/Documents/TERRITOIRE/Lua/frame0019.png' for reading
[file @ 00000000026b7880] Setting default whitelist 'file,crypto'
[AVIOContext @ 00000000026b8a80] Statistics: 177033 bytes read, 0 seeks
[image2 @ 00000000026b5f60] Opening 'C:/Users/Lina/OneDrive/Documents/TERRITOIRE/Lua/frame0020.png' for reading
[file @ 00000000026b7880] Setting default whitelist 'file,crypto'
[AVIOContext @ 00000000026b8a80] Statistics: 177033 bytes read, 0 seeks
[image2 @ 00000000026b5f60] Opening 'C:/Users/Lina/OneDrive/Documents/TERRITOIRE/Lua/frame0021.png' for reading
[file @ 00000000026b7880] Setting default whitelist 'file,crypto'
[AVIOContext @ 00000000026b8a80] Statistics: 177115 bytes read, 0 seeks
[image2 @ 00000000026b5f60] Opening 'C:/Users/Lina/OneDrive/Documents/TERRITOIRE/Lua/frame0022.png' for reading
[file @ 00000000026b7880] Setting default whitelist 'file,crypto'
[AVIOContext @ 00000000026b8a80] Statistics: 177115 bytes read, 0 seeks
[image2 @ 00000000026b5f60] Opening 'C:/Users/Lina/OneDrive/Documents/TERRITOIRE/Lua/frame0023.png' for reading
[file @ 00000000026b7880] Setting default whitelist 'file,crypto'
[AVIOContext @ 00000000026b8a80] Statistics: 177115 bytes read, 0 seeks
[image2 @ 00000000026b5f60] Opening 'C:/Users/Lina/OneDrive/Documents/TERRITOIRE/Lua/frame0024.png' for reading
[file @ 00000000026b7880] Setting default whitelist 'file,crypto'
[AVIOContext @ 00000000026b8a80] Statistics: 177115 bytes read, 0 seeks
[image2 @ 00000000026b5f60] Opening 'C:/Users/Lina/OneDrive/Documents/TERRITOIRE/Lua/frame0025.png' for reading
[file @ 00000000026b7880] Setting default whitelist 'file,crypto'
[AVIOContext @ 00000000026b8a80] Statistics: 177115 bytes read, 0 seeks
[image2 @ 00000000026b5f60] Opening 'C:/Users/Lina/OneDrive/Documents/TERRITOIRE/Lua/frame0026.png' for reading
[file @ 00000000026b7880] Setting default whitelist 'file,crypto'
[AVIOContext @ 00000000026b8a80] Statistics: 177115 bytes read, 0 seeks
[image2 @ 00000000026b5f60] Opening 'C:/Users/Lina/OneDrive/Documents/TERRITOIRE/Lua/frame0027.png' for reading
[file @ 00000000026b7880] Setting default whitelist 'file,crypto'
[AVIOContext @ 00000000026b8a80] Statistics: 177115 bytes read, 0 seeks
[image2 @ 00000000026b5f60] Opening 'C:/Users/Lina/OneDrive/Documents/TERRITOIRE/Lua/frame0028.png' for reading
[file @ 00000000026b7880] Setting default whitelist 'file,crypto'
[AVIOContext @ 00000000026b8a80] Statistics: 177033 bytes read, 0 seeks
[image2 @ 00000000026b5f60] Probe buffer size limit of 5000000 bytes reached
Input #0, image2, from 'C:/Users/Lina/OneDrive/Documents/TERRITOIRE/Lua/frame%04d.png':
  Duration: 00:00:01.44, start: 0.000000, bitrate: N/A
    Stream #0:0, 29, 1/25: Video: png, 1 reference frame, rgba64be(pc), 400x500 [SAR 2834:2834 DAR 4:5], 0/1, 25 fps, 25 tbr, 25 tbn, 25 tbc
Successfully opened the file.
Parsing a group of options: output url C:/Users/Lina/OneDrive/Documents/TERRITOIRE/Lua/palette.png.
Applying option vf (set video filters) with argument palettegen.
Successfully parsed a group of options.
Opening an output file: C:/Users/Lina/OneDrive/Documents/TERRITOIRE/Lua/palette.png.
Successfully opened the file.
detected 12 logical cores
Stream mapping:
  Stream #0:0 -> #0:0 (png (native) -> png (native))
cur_dts is invalid (this is harmless if it occurs once at the start per stream)
    Last message repeated 12 times
[graph 0 input from stream 0:0 @ 0000000002abd9c0] Setting 'video_size' to value '400x500'
[graph 0 input from stream 0:0 @ 0000000002abd9c0] Setting 'pix_fmt' to value '115'
[graph 0 input from stream 0:0 @ 0000000002abd9c0] Setting 'time_base' to value '1/24'
[graph 0 input from stream 0:0 @ 0000000002abd9c0] Setting 'pixel_aspect' to value '2834/2834'
[graph 0 input from stream 0:0 @ 0000000002abd9c0] Setting 'sws_param' to value 'flags=2'
[graph 0 input from stream 0:0 @ 0000000002abd9c0] Setting 'frame_rate' to value '24/1'
[graph 0 input from stream 0:0 @ 0000000002abd9c0] w:400 h:500 pixfmt:rgba64be tb:1/24 fr:24/1 sar:2834/2834 sws_param:flags=2
[format @ 0000000002adee40] compat: called with args=[rgb24|rgba|rgb48be|rgba64be|pal8|gray|ya8|gray16be|ya16be|monob]
[format @ 0000000002adee40] Setting 'pix_fmts' to value 'rgb24|rgba|rgb48be|rgba64be|pal8|gray|ya8|gray16be|ya16be|monob'
[auto_scaler_0 @ 0000000002e954a0] Setting 'flags' to value 'bicubic'
[auto_scaler_0 @ 0000000002e954a0] w:iw h:ih flags:'bicubic' interl:0
[Parsed_palettegen_0 @ 0000000002abed40] auto-inserting filter 'auto_scaler_0' between the filter 'graph 0 input from stream 0:0' and the filter 'Parsed_palettegen_0'
[auto_scaler_1 @ 0000000002e95580] Setting 'flags' to value 'bicubic'
[auto_scaler_1 @ 0000000002e95580] w:iw h:ih flags:'bicubic' interl:0
[format @ 0000000002adee40] auto-inserting filter 'auto_scaler_1' between the filter 'Parsed_palettegen_0' and the filter 'format'
[AVFilterGraph @ 00000000026b7e20] query_formats: 4 queried, 1 merged, 2 already done, 0 delayed
[auto_scaler_1 @ 0000000002e95580] picking rgba out of 9 ref:bgra alpha:1
[swscaler @ 0000000002e96fa0] Forcing full internal H chroma due to input having non subsampled chroma
[auto_scaler_0 @ 0000000002e954a0] w:400 h:500 fmt:rgba64be sar:2834/2834 -> w:400 h:500 fmt:bgra sar:1/1 flags:0x4
[swscaler @ 0000000002ea3fc0] Forcing full internal H chroma due to input having non subsampled chroma
[auto_scaler_1 @ 0000000002e95580] w:16 h:16 fmt:bgra sar:1/1 -> w:16 h:16 fmt:rgba sar:1/1 flags:0x4
Output #0, image2, to 'C:/Users/Lina/OneDrive/Documents/TERRITOIRE/Lua/palette.png':
  Metadata:
    encoder         : Lavf57.82.100
    Stream #0:0, 0, 1/24: Video: png, 1 reference frame, rgba, 16x16 [SAR 1:1 DAR 1:1], 0/1, q=2-31, 200 kb/s, 24 fps, 24 tbn, 24 tbc
    Metadata:
      encoder         : Lavc57.106.101 png
cur_dts is invalid (this is harmless if it occurs once at the start per stream)
    Last message repeated 16 times
[image2 @ 00000000026b5f60] Opening 'C:/Users/Lina/OneDrive/Documents/TERRITOIRE/Lua/frame0029.png' for reading
[file @ 0000000002e95cc0] Setting default whitelist 'file,crypto'
[AVIOContext @ 00000000026bcbe0] Statistics: 177033 bytes read, 0 seeks
cur_dts is invalid (this is harmless if it occurs once at the start per stream)
[image2 @ 00000000026b5f60] Opening 'C:/Users/Lina/OneDrive/Documents/TERRITOIRE/Lua/frame0030.png' for reading
[file @ 0000000002e95da0] Setting default whitelist 'file,crypto'
[AVIOContext @ 0000000002d8f760] Statistics: 177033 bytes read, 0 seeks
cur_dts is invalid (this is harmless if it occurs once at the start per stream)
[image2 @ 00000000026b5f60] Opening 'C:/Users/Lina/OneDrive/Documents/TERRITOIRE/Lua/frame0031.png' for reading
[file @ 0000000002e958c0] Setting default whitelist 'file,crypto'
[AVIOContext @ 0000000002d8f760] Statistics: 177033 bytes read, 0 seeks
cur_dts is invalid (this is harmless if it occurs once at the start per stream)
[image2 @ 00000000026b5f60] Opening 'C:/Users/Lina/OneDrive/Documents/TERRITOIRE/Lua/frame0032.png' for reading
[file @ 0000000002e95f40] Setting default whitelist 'file,crypto'
[AVIOContext @ 0000000002d8f760] Statistics: 177033 bytes read, 0 seeks
cur_dts is invalid (this is harmless if it occurs once at the start per stream)
[image2 @ 00000000026b5f60] Opening 'C:/Users/Lina/OneDrive/Documents/TERRITOIRE/Lua/frame0033.png' for reading
[file @ 0000000002e96000] Setting default whitelist 'file,crypto'
[AVIOContext @ 0000000002d8f760] Statistics: 177033 bytes read, 0 seeks
cur_dts is invalid (this is harmless if it occurs once at the start per stream)
[image2 @ 00000000026b5f60] Opening 'C:/Users/Lina/OneDrive/Documents/TERRITOIRE/Lua/frame0034.png' for reading
[file @ 0000000002e958c0] Setting default whitelist 'file,crypto'
[AVIOContext @ 0000000002d8f760] Statistics: 177033 bytes read, 0 seeks
cur_dts is invalid (this is harmless if it occurs once at the start per stream)
[image2 @ 00000000026b5f60] Opening 'C:/Users/Lina/OneDrive/Documents/TERRITOIRE/Lua/frame0035.png' for reading
[file @ 0000000002e961a0] Setting default whitelist 'file,crypto'
[AVIOContext @ 0000000002d8f760] Statistics: 177033 bytes read, 0 seeks
cur_dts is invalid (this is harmless if it occurs once at the start per stream)
    Last message repeated 12 times
[Parsed_palettegen_0 @ 0000000002abed40] 255(+1) colors generated out of 1788 colors; ratio=0.142617
[Parsed_palettegen_0 @ 0000000002abed40] Dupped color: FF733492
    Last message repeated 1 times
[Parsed_palettegen_0 @ 0000000002abed40] Dupped color: FF8D48AF
[Parsed_palettegen_0 @ 0000000002abed40] Dupped color: FF904AB1
[Parsed_palettegen_0 @ 0000000002abed40] Dupped color: FF964EB9
[Parsed_palettegen_0 @ 0000000002abed40] Dupped color: FF984FBB
[Parsed_palettegen_0 @ 0000000002abed40] Dupped color: FF9950BC
    Last message repeated 1 times
[Parsed_palettegen_0 @ 0000000002abed40] Dupped color: FF9A50BD
[Parsed_palettegen_0 @ 0000000002abed40] Dupped color: FF9A51BD
[Parsed_palettegen_0 @ 0000000002abed40] Dupped color: FF9B51BE
    Last message repeated 20 times
[Parsed_palettegen_0 @ 0000000002abed40] Dupped color: FFA75FB6
    Last message repeated 2 times
[Parsed_palettegen_0 @ 0000000002abed40] Dupped color: FFDC9480
[swscaler @ 0000000002ea3fc0] Forcing full internal H chroma due to input having non subsampled chroma
[auto_scaler_1 @ 0000000002e95580] w:16 h:16 fmt:bgra sar:0/1 -> w:16 h:16 fmt:rgba sar:0/1 flags:0x4
cur_dts is invalid (this is harmless if it occurs once at the start per stream)
Clipping frame in rate conversion by 0.000008
cur_dts is invalid (this is harmless if it occurs once at the start per stream)
[out_0_0 @ 00000000026f3e60] EOF on sink link out_0_0:default.
No more output streams to write to, finishing.
[image2 @ 0000000000ea8180] Opening 'C:/Users/Lina/OneDrive/Documents/TERRITOIRE/Lua/palette.png' for writing
[file @ 0000000002e95da0] Setting default whitelist 'file,crypto'
[AVIOContext @ 0000000002d8f760] Statistics: 0 seeks, 1 writeouts
frame=    1 fps=0.0 q=-0.0 Lsize=N/A time=00:00:00.04 bitrate=N/A speed=0.11x    
[AVIOContext @ 00000000026b5e20] Statistics: 0 seeks, 1 writeouts
video:1kB audio:0kB subtitle:0kB other streams:0kB global headers:0kB muxing overhead: unknown
Input file #0 (C:/Users/Lina/OneDrive/Documents/TERRITOIRE/Lua/frame%04d.png):
  Input stream #0:0 (video): 36 packets read (6374336 bytes); 36 frames decoded; 
  Total: 36 packets (6374336 bytes) demuxed
Output file #0 (C:/Users/Lina/OneDrive/Documents/TERRITOIRE/Lua/palette.png):
  Output stream #0:0 (video): 1 frames encoded; 1 packets muxed (886 bytes); 
  Total: 1 packets (886 bytes) muxed
36 frames successfully decoded, 0 decoding errors
