ffmpeg version N-87327-g18821e3 Copyright (c) 2000-2017 the FFmpeg developers
  built with gcc 7.2.0 (GCC)
  configuration: --enable-gpl --enable-version3 --enable-cuda --enable-cuvid --enable-d3d11va --enable-dxva2 --enable-libmfx --enable-nvenc --enable-avisynth --enable-bzlib --enable-fontconfig --enable-frei0r --enable-gnutls --enable-iconv --enable-libass --enable-libbluray --enable-libbs2b --enable-libcaca --enable-libfreetype --enable-libgme --enable-libgsm --enable-libilbc --enable-libmodplug --enable-libmp3lame --enable-libopencore-amrnb --enable-libopencore-amrwb --enable-libopenh264 --enable-libopenjpeg --enable-libopus --enable-librtmp --enable-libsnappy --enable-libsoxr --enable-libspeex --enable-libtheora --enable-libtwolame --enable-libvidstab --enable-libvo-amrwbenc --enable-libvorbis --enable-libvpx --enable-libwavpack --enable-libwebp --enable-libx264 --enable-libx265 --enable-libxavs --enable-libxvid --enable-libxml2 --enable-libzimg --enable-lzma --enable-zlib
  libavutil      55. 75.100 / 55. 75.100
  libavcodec     57.106.101 / 57.106.101
  libavformat    57. 82.100 / 57. 82.100
  libavdevice    57.  8.101 / 57.  8.101
  libavfilter     6.105.100 /  6.105.100
  libswscale      4.  7.103 /  4.  7.103
  libswresample   2.  8.100 /  2.  8.100
  libpostproc    54.  6.100 / 54.  6.100
Splitting the commandline.
Reading option '-v' ... matched as option 'v' (set logging level) with argument 'debug'.
Reading option '-nostdin' ... matched as option 'stdin' (enable or disable interaction on standard input) with argument 0.
Reading option '-progress' ... matched as option 'progress' (write program-readable progress information) with argument 'C:/Users/Lina/AppData/Local/Temp/KritaFFmpegProgress.StuiBh'.
Reading option '-r' ... matched as option 'r' (set frame rate (Hz value, fraction or abbreviation)) with argument '24'.
Reading option '-start_number' ... matched as AVOption 'start_number' with argument '0'.
Reading option '-i' ... matched as input url with argument 'C:/Users/Lina/OneDrive/Documents/TERRITOIRE/Lua/frame%04d.png'.
Reading option '-i' ... matched as input url with argument 'C:/Users/Lina/OneDrive/Documents/TERRITOIRE/Lua/palette.png'.
Reading option '-lavfi' ... matched as option 'lavfi' (create a complex filtergraph) with argument '[0:v][1:v] paletteuse'.
Reading option '-y' ... matched as option 'y' (overwrite output files) with argument '1'.
Reading option 'C:/Users/Lina/OneDrive/Documents/TERRITOIRE/Lua/Lua Perso.gif' ... matched as output url.
Finished splitting the commandline.
Parsing a group of options: global .
Applying option v (set logging level) with argument debug.
Applying option nostdin (enable or disable interaction on standard input) with argument 0.
Applying option progress (write program-readable progress information) with argument C:/Users/Lina/AppData/Local/Temp/KritaFFmpegProgress.StuiBh.
[file @ 00000000026f5d60] Setting default whitelist 'file,crypto'
Applying option lavfi (create a complex filtergraph) with argument [0:v][1:v] paletteuse.
Applying option y (overwrite output files) with argument 1.
Successfully parsed a group of options.
Parsing a group of options: input url C:/Users/Lina/OneDrive/Documents/TERRITOIRE/Lua/frame%04d.png.
Applying option r (set frame rate (Hz value, fraction or abbreviation)) with argument 24.
Successfully parsed a group of options.
Opening an input file: C:/Users/Lina/OneDrive/Documents/TERRITOIRE/Lua/frame%04d.png.
[image2 @ 00000000027360e0] Opening 'C:/Users/Lina/OneDrive/Documents/TERRITOIRE/Lua/frame0000.png' for reading
[file @ 0000000000e2a360] Setting default whitelist 'file,crypto'
[AVIOContext @ 000000000273f020] Statistics: 177033 bytes read, 0 seeks
[image2 @ 00000000027360e0] Opening 'C:/Users/Lina/OneDrive/Documents/TERRITOIRE/Lua/frame0001.png' for reading
[file @ 000000000276a5c0] Setting default whitelist 'file,crypto'
[AVIOContext @ 000000000273f020] Statistics: 177033 bytes read, 0 seeks
[image2 @ 00000000027360e0] Opening 'C:/Users/Lina/OneDrive/Documents/TERRITOIRE/Lua/frame0002.png' for reading
[file @ 000000000276a5c0] Setting default whitelist 'file,crypto'
[AVIOContext @ 0000000000e2db20] Statistics: 177033 bytes read, 0 seeks
[image2 @ 00000000027360e0] Opening 'C:/Users/Lina/OneDrive/Documents/TERRITOIRE/Lua/frame0003.png' for reading
[file @ 0000000000e2db20] Setting default whitelist 'file,crypto'
[AVIOContext @ 0000000000e2dd00] Statistics: 177033 bytes read, 0 seeks
[image2 @ 00000000027360e0] Opening 'C:/Users/Lina/OneDrive/Documents/TERRITOIRE/Lua/frame0004.png' for reading
[file @ 0000000000e2dd00] Setting default whitelist 'file,crypto'
[AVIOContext @ 0000000000e2dea0] Statistics: 177033 bytes read, 0 seeks
[image2 @ 00000000027360e0] Opening 'C:/Users/Lina/OneDrive/Documents/TERRITOIRE/Lua/frame0005.png' for reading
[file @ 0000000000e2dea0] Setting default whitelist 'file,crypto'
[AVIOContext @ 0000000000e2e020] Statistics: 177033 bytes read, 0 seeks
[image2 @ 00000000027360e0] Opening 'C:/Users/Lina/OneDrive/Documents/TERRITOIRE/Lua/frame0006.png' for reading
[file @ 0000000000e2e020] Setting default whitelist 'file,crypto'
[AVIOContext @ 0000000000e2e9c0] Statistics: 177033 bytes read, 0 seeks
[image2 @ 00000000027360e0] Opening 'C:/Users/Lina/OneDrive/Documents/TERRITOIRE/Lua/frame0007.png' for reading
[file @ 0000000000e2e9c0] Setting default whitelist 'file,crypto'
[AVIOContext @ 0000000000e2eaa0] Statistics: 177115 bytes read, 0 seeks
[image2 @ 00000000027360e0] Opening 'C:/Users/Lina/OneDrive/Documents/TERRITOIRE/Lua/frame0008.png' for reading
[file @ 0000000000e2ea60] Setting default whitelist 'file,crypto'
[AVIOContext @ 0000000000e2ec40] Statistics: 177115 bytes read, 0 seeks
[image2 @ 00000000027360e0] Opening 'C:/Users/Lina/OneDrive/Documents/TERRITOIRE/Lua/frame0009.png' for reading
[file @ 0000000000e2ec40] Setting default whitelist 'file,crypto'
[AVIOContext @ 0000000000e2ed00] Statistics: 177115 bytes read, 0 seeks
[image2 @ 00000000027360e0] Opening 'C:/Users/Lina/OneDrive/Documents/TERRITOIRE/Lua/frame0010.png' for reading
[file @ 0000000000e2ec40] Setting default whitelist 'file,crypto'
[AVIOContext @ 0000000000e2ed00] Statistics: 177115 bytes read, 0 seeks
[image2 @ 00000000027360e0] Opening 'C:/Users/Lina/OneDrive/Documents/TERRITOIRE/Lua/frame0011.png' for reading
[file @ 0000000000e2ecc0] Setting default whitelist 'file,crypto'
[AVIOContext @ 0000000000e2a360] Statistics: 177115 bytes read, 0 seeks
[image2 @ 00000000027360e0] Opening 'C:/Users/Lina/OneDrive/Documents/TERRITOIRE/Lua/frame0012.png' for reading
[file @ 0000000000e2a360] Setting default whitelist 'file,crypto'
[AVIOContext @ 0000000000e2a440] Statistics: 177115 bytes read, 0 seeks
[image2 @ 00000000027360e0] Opening 'C:/Users/Lina/OneDrive/Documents/TERRITOIRE/Lua/frame0013.png' for reading
[file @ 0000000000e2a360] Setting default whitelist 'file,crypto'
[AVIOContext @ 0000000000e2a440] Statistics: 177115 bytes read, 0 seeks
[image2 @ 00000000027360e0] Opening 'C:/Users/Lina/OneDrive/Documents/TERRITOIRE/Lua/frame0014.png' for reading
[file @ 0000000000e2a360] Setting default whitelist 'file,crypto'
[AVIOContext @ 0000000000e2a440] Statistics: 177033 bytes read, 0 seeks
[image2 @ 00000000027360e0] Opening 'C:/Users/Lina/OneDrive/Documents/TERRITOIRE/Lua/frame0015.png' for reading
[file @ 0000000000e2be60] Setting default whitelist 'file,crypto'
[AVIOContext @ 0000000000e2a360] Statistics: 177033 bytes read, 0 seeks
[image2 @ 00000000027360e0] Opening 'C:/Users/Lina/OneDrive/Documents/TERRITOIRE/Lua/frame0016.png' for reading
[file @ 0000000000e2be60] Setting default whitelist 'file,crypto'
[AVIOContext @ 0000000000e2a360] Statistics: 177033 bytes read, 0 seeks
[image2 @ 00000000027360e0] Opening 'C:/Users/Lina/OneDrive/Documents/TERRITOIRE/Lua/frame0017.png' for reading
[file @ 0000000000e2be60] Setting default whitelist 'file,crypto'
[AVIOContext @ 0000000000e2a360] Statistics: 177033 bytes read, 0 seeks
[image2 @ 00000000027360e0] Opening 'C:/Users/Lina/OneDrive/Documents/TERRITOIRE/Lua/frame0018.png' for reading
[file @ 0000000000e2be60] Setting default whitelist 'file,crypto'
[AVIOContext @ 0000000000e2a360] Statistics: 177033 bytes read, 0 seeks
[image2 @ 00000000027360e0] Opening 'C:/Users/Lina/OneDrive/Documents/TERRITOIRE/Lua/frame0019.png' for reading
[file @ 0000000000e2be60] Setting default whitelist 'file,crypto'
[AVIOContext @ 0000000000e2a360] Statistics: 177033 bytes read, 0 seeks
[image2 @ 00000000027360e0] Opening 'C:/Users/Lina/OneDrive/Documents/TERRITOIRE/Lua/frame0020.png' for reading
[file @ 0000000000e2be60] Setting default whitelist 'file,crypto'
[AVIOContext @ 0000000000e2a360] Statistics: 177033 bytes read, 0 seeks
[image2 @ 00000000027360e0] Opening 'C:/Users/Lina/OneDrive/Documents/TERRITOIRE/Lua/frame0021.png' for reading
[file @ 0000000000e2be60] Setting default whitelist 'file,crypto'
[AVIOContext @ 0000000000e2a360] Statistics: 177115 bytes read, 0 seeks
[image2 @ 00000000027360e0] Opening 'C:/Users/Lina/OneDrive/Documents/TERRITOIRE/Lua/frame0022.png' for reading
[file @ 0000000000e2be60] Setting default whitelist 'file,crypto'
[AVIOContext @ 0000000000e2a360] Statistics: 177115 bytes read, 0 seeks
[image2 @ 00000000027360e0] Opening 'C:/Users/Lina/OneDrive/Documents/TERRITOIRE/Lua/frame0023.png' for reading
[file @ 0000000000e2be60] Setting default whitelist 'file,crypto'
[AVIOContext @ 0000000000e2a360] Statistics: 177115 bytes read, 0 seeks
[image2 @ 00000000027360e0] Opening 'C:/Users/Lina/OneDrive/Documents/TERRITOIRE/Lua/frame0024.png' for reading
[file @ 0000000000e2be60] Setting default whitelist 'file,crypto'
[AVIOContext @ 0000000000e2a360] Statistics: 177115 bytes read, 0 seeks
[image2 @ 00000000027360e0] Opening 'C:/Users/Lina/OneDrive/Documents/TERRITOIRE/Lua/frame0025.png' for reading
[file @ 0000000000e2be60] Setting default whitelist 'file,crypto'
[AVIOContext @ 0000000000e2a360] Statistics: 177115 bytes read, 0 seeks
[image2 @ 00000000027360e0] Opening 'C:/Users/Lina/OneDrive/Documents/TERRITOIRE/Lua/frame0026.png' for reading
[file @ 0000000000e2be60] Setting default whitelist 'file,crypto'
[AVIOContext @ 0000000000e2a360] Statistics: 177115 bytes read, 0 seeks
[image2 @ 00000000027360e0] Opening 'C:/Users/Lina/OneDrive/Documents/TERRITOIRE/Lua/frame0027.png' for reading
[file @ 0000000000e2be60] Setting default whitelist 'file,crypto'
[AVIOContext @ 0000000000e2a360] Statistics: 177115 bytes read, 0 seeks
[image2 @ 00000000027360e0] Opening 'C:/Users/Lina/OneDrive/Documents/TERRITOIRE/Lua/frame0028.png' for reading
[file @ 0000000000e2be60] Setting default whitelist 'file,crypto'
[AVIOContext @ 0000000000e2a360] Statistics: 177033 bytes read, 0 seeks
[image2 @ 00000000027360e0] Probe buffer size limit of 5000000 bytes reached
Input #0, image2, from 'C:/Users/Lina/OneDrive/Documents/TERRITOIRE/Lua/frame%04d.png':
  Duration: 00:00:01.44, start: 0.000000, bitrate: N/A
    Stream #0:0, 29, 1/25: Video: png, 1 reference frame, rgba64be(pc), 400x500 [SAR 2834:2834 DAR 4:5], 0/1, 25 fps, 25 tbr, 25 tbn, 25 tbc
Successfully opened the file.
Parsing a group of options: input url C:/Users/Lina/OneDrive/Documents/TERRITOIRE/Lua/palette.png.
Successfully parsed a group of options.
Opening an input file: C:/Users/Lina/OneDrive/Documents/TERRITOIRE/Lua/palette.png.
[NULL @ 0000000000e28cc0] Opening 'C:/Users/Lina/OneDrive/Documents/TERRITOIRE/Lua/palette.png' for reading
[file @ 000000000276b500] Setting default whitelist 'file,crypto'
[png_pipe @ 0000000000e28cc0] Format png_pipe probed with size=2048 and score=99
[png_pipe @ 0000000000e28cc0] Before avformat_find_stream_info() pos: 0 bytes read:886 seeks:0 nb_streams:1
[png_pipe @ 0000000000e28cc0] After avformat_find_stream_info() pos: 886 bytes read:886 seeks:0 frames:1
Input #1, png_pipe, from 'C:/Users/Lina/OneDrive/Documents/TERRITOIRE/Lua/palette.png':
  Duration: N/A, bitrate: N/A
    Stream #1:0, 1, 1/25: Video: png, 1 reference frame, rgba(pc), 16x16 [SAR 1:1 DAR 1:1], 0/1, 25 tbr, 25 tbn, 25 tbc
Successfully opened the file.
detected 12 logical cores
Parsing a group of options: output url C:/Users/Lina/OneDrive/Documents/TERRITOIRE/Lua/Lua Perso.gif.
Successfully parsed a group of options.
Opening an output file: C:/Users/Lina/OneDrive/Documents/TERRITOIRE/Lua/Lua Perso.gif.
[file @ 00000000027cc9e0] Setting default whitelist 'file,crypto'
Successfully opened the file.
Stream mapping:
  Stream #0:0 (png) -> paletteuse:default
  Stream #1:0 (png) -> paletteuse:palette
  paletteuse -> Stream #0:0 (gif)
cur_dts is invalid (this is harmless if it occurs once at the start per stream)
    Last message repeated 14 times
[graph 0 input from stream 0:0 @ 000000000279b1c0] Setting 'video_size' to value '400x500'
[graph 0 input from stream 0:0 @ 000000000279b1c0] Setting 'pix_fmt' to value '115'
[graph 0 input from stream 0:0 @ 000000000279b1c0] Setting 'time_base' to value '1/24'
[graph 0 input from stream 0:0 @ 000000000279b1c0] Setting 'pixel_aspect' to value '2834/2834'
[graph 0 input from stream 0:0 @ 000000000279b1c0] Setting 'sws_param' to value 'flags=2'
[graph 0 input from stream 0:0 @ 000000000279b1c0] Setting 'frame_rate' to value '24/1'
[graph 0 input from stream 0:0 @ 000000000279b1c0] w:400 h:500 pixfmt:rgba64be tb:1/24 fr:24/1 sar:2834/2834 sws_param:flags=2
[graph 0 input from stream 1:0 @ 0000000002b5eee0] Setting 'video_size' to value '16x16'
[graph 0 input from stream 1:0 @ 0000000002b5eee0] Setting 'pix_fmt' to value '28'
[graph 0 input from stream 1:0 @ 0000000002b5eee0] Setting 'time_base' to value '1/25'
[graph 0 input from stream 1:0 @ 0000000002b5eee0] Setting 'pixel_aspect' to value '1/1'
[graph 0 input from stream 1:0 @ 0000000002b5eee0] Setting 'sws_param' to value 'flags=2'
[graph 0 input from stream 1:0 @ 0000000002b5eee0] Setting 'frame_rate' to value '25/1'
[graph 0 input from stream 1:0 @ 0000000002b5eee0] w:16 h:16 pixfmt:rgba tb:1/25 fr:25/1 sar:1/1 sws_param:flags=2
[format @ 0000000000e2ec40] compat: called with args=[rgb8|bgr8|rgb4_byte|bgr4_byte|gray|pal8]
[format @ 0000000000e2ec40] Setting 'pix_fmts' to value 'rgb8|bgr8|rgb4_byte|bgr4_byte|gray|pal8'
[auto_scaler_0 @ 000000000276a540] w:iw h:ih flags:'bilinear' interl:0
[Parsed_paletteuse_0 @ 0000000002b42020] auto-inserting filter 'auto_scaler_0' between the filter 'graph 0 input from stream 0:0' and the filter 'Parsed_paletteuse_0'
[auto_scaler_1 @ 0000000002ef08a0] w:iw h:ih flags:'bilinear' interl:0
[Parsed_paletteuse_0 @ 0000000002b42020] auto-inserting filter 'auto_scaler_1' between the filter 'graph 0 input from stream 1:0' and the filter 'Parsed_paletteuse_0'
[AVFilterGraph @ 0000000000e2a620] query_formats: 5 queried, 2 merged, 2 already done, 0 delayed
[swscaler @ 0000000002ef6040] Forcing full internal H chroma due to input having non subsampled chroma
[auto_scaler_0 @ 000000000276a540] w:400 h:500 fmt:rgba64be sar:2834/2834 -> w:400 h:500 fmt:bgra sar:1/1 flags:0x2
[swscaler @ 0000000002f03e00] Forcing full internal H chroma due to input having non subsampled chroma
[auto_scaler_1 @ 0000000002ef08a0] w:16 h:16 fmt:rgba sar:1/1 -> w:16 h:16 fmt:bgra sar:1/1 flags:0x2
[Parsed_paletteuse_0 @ 0000000002b42020] [framesync @ 0000000008e600a8] Selected 1/600 time base
[Parsed_paletteuse_0 @ 0000000002b42020] [framesync @ 0000000008e600a8] Sync level 2
Output #0, gif, to 'C:/Users/Lina/OneDrive/Documents/TERRITOIRE/Lua/Lua Perso.gif':
  Metadata:
    encoder         : Lavf57.82.100
    Stream #0:0, 0, 1/100: Video: gif, 1 reference frame, pal8, 400x500 [SAR 1:1 DAR 4:5], 0/1, q=2-31, 200 kb/s, 24 fps, 100 tbn, 24 tbc (default)
    Metadata:
      encoder         : Lavc57.106.101 gif
Clipping frame in rate conversion by 0.000008
[gif @ 00000000027cbdc0] 1x1 image at pos (399;499) [area:400x500]
    Last message repeated 5 times
[gif @ 00000000027cbdc0] 256x476 image at pos (71;24) [area:400x500]
[gif @ 00000000027cbdc0] 1x1 image at pos (399;499) [area:400x500]
    Last message repeated 5 times
[gif @ 00000000027cbdc0] 256x476 image at pos (71;24) [area:400x500]
[gif @ 00000000027cbdc0] 1x1 image at pos (399;499) [area:400x500]
    Last message repeated 1 times
[image2 @ 00000000027360e0] Opening 'C:/Users/Lina/OneDrive/Documents/TERRITOIRE/Lua/frame0029.png' for reading
[file @ 0000000002ef0620] Setting default whitelist 'file,crypto'
[AVIOContext @ 0000000002b4f240] Statistics: 177033 bytes read, 0 seeks
[gif @ 00000000027cbdc0] 1x1 image at pos (399;499) [area:400x500]
[image2 @ 00000000027360e0] Opening 'C:/Users/Lina/OneDrive/Documents/TERRITOIRE/Lua/frame0030.png' for reading
[file @ 0000000002ef0960] Setting default whitelist 'file,crypto'
[AVIOContext @ 0000000002b4ed40] Statistics: 177033 bytes read, 0 seeks
[gif @ 00000000027cbdc0] 1x1 image at pos (399;499) [area:400x500]
[image2 @ 00000000027360e0] Opening 'C:/Users/Lina/OneDrive/Documents/TERRITOIRE/Lua/frame0031.png' for reading
[file @ 0000000002ef0be0] Setting default whitelist 'file,crypto'
[AVIOContext @ 0000000002b4f9c0] Statistics: 177033 bytes read, 0 seeks
[gif @ 00000000027cbdc0] 1x1 image at pos (399;499) [area:400x500]
[image2 @ 00000000027360e0] Opening 'C:/Users/Lina/OneDrive/Documents/TERRITOIRE/Lua/frame0032.png' for reading
[file @ 0000000002ef0f20] Setting default whitelist 'file,crypto'
[AVIOContext @ 0000000002b4f100] Statistics: 177033 bytes read, 0 seeks
[gif @ 00000000027cbdc0] 1x1 image at pos (399;499) [area:400x500]
[image2 @ 00000000027360e0] Opening 'C:/Users/Lina/OneDrive/Documents/TERRITOIRE/Lua/frame0033.png' for reading
[file @ 0000000002ef0140] Setting default whitelist 'file,crypto'
[AVIOContext @ 0000000002b4ec00] Statistics: 177033 bytes read, 0 seeks
[gif @ 00000000027cbdc0] 256x476 image at pos (71;24) [area:400x500]
[image2 @ 00000000027360e0] Opening 'C:/Users/Lina/OneDrive/Documents/TERRITOIRE/Lua/frame0034.png' for reading
[file @ 0000000002ef0b00] Setting default whitelist 'file,crypto'
[AVIOContext @ 0000000002b4f9c0] Statistics: 177033 bytes read, 0 seeks
[gif @ 00000000027cbdc0] 1x1 image at pos (399;499) [area:400x500]
[image2 @ 00000000027360e0] Opening 'C:/Users/Lina/OneDrive/Documents/TERRITOIRE/Lua/frame0035.png' for reading
[file @ 0000000002ef0b00] Setting default whitelist 'file,crypto'
[AVIOContext @ 0000000002b4f100] Statistics: 177033 bytes read, 0 seeks
[gif @ 00000000027cbdc0] 1x1 image at pos (399;499) [area:400x500]
    Last message repeated 4 times
[gif @ 00000000027cbdc0] 256x476 image at pos (71;24) [area:400x500]
[gif @ 00000000027cbdc0] 1x1 image at pos (399;499) [area:400x500]
    Last message repeated 6 times
[Parsed_paletteuse_0 @ 0000000002b42020] [framesync @ 0000000008e600a8] Sync level 0
[out_0_0 @ 0000000000e2de40] EOF on sink link out_0_0:default.
No more output streams to write to, finishing.
frame=   36 fps=0.0 q=-0.0 Lsize=      45kB time=00:00:01.47 bitrate= 248.2kbits/s speed=4.69x    
[AVIOContext @ 0000000002735ea0] Statistics: 0 seeks, 1 writeouts
video:43kB audio:0kB subtitle:0kB other streams:0kB global headers:0kB muxing overhead: 2.446092%
Input file #0 (C:/Users/Lina/OneDrive/Documents/TERRITOIRE/Lua/frame%04d.png):
  Input stream #0:0 (video): 36 packets read (6374336 bytes); 36 frames decoded; 
  Total: 36 packets (6374336 bytes) demuxed
Input file #1 (C:/Users/Lina/OneDrive/Documents/TERRITOIRE/Lua/palette.png):
  Input stream #1:0 (video): 1 packets read (886 bytes); 1 frames decoded; 
  Total: 1 packets (886 bytes) demuxed
Output file #0 (C:/Users/Lina/OneDrive/Documents/TERRITOIRE/Lua/Lua Perso.gif):
  Output stream #0:0 (video): 36 frames encoded; 36 packets muxed (44520 bytes); 
  Total: 36 packets (44520 bytes) muxed
37 frames successfully decoded, 0 decoding errors
[AVIOContext @ 00000000027ccac0] Statistics: 0 seeks, 2 writeouts
[AVIOContext @ 000000000276b5e0] Statistics: 886 bytes read, 0 seeks
