ffmpeg version N-87327-g18821e3 Copyright (c) 2000-2017 the FFmpeg developers
  built with gcc 7.2.0 (GCC)
  configuration: --enable-gpl --enable-version3 --enable-cuda --enable-cuvid --enable-d3d11va --enable-dxva2 --enable-libmfx --enable-nvenc --enable-avisynth --enable-bzlib --enable-fontconfig --enable-frei0r --enable-gnutls --enable-iconv --enable-libass --enable-libbluray --enable-libbs2b --enable-libcaca --enable-libfreetype --enable-libgme --enable-libgsm --enable-libilbc --enable-libmodplug --enable-libmp3lame --enable-libopencore-amrnb --enable-libopencore-amrwb --enable-libopenh264 --enable-libopenjpeg --enable-libopus --enable-librtmp --enable-libsnappy --enable-libsoxr --enable-libspeex --enable-libtheora --enable-libtwolame --enable-libvidstab --enable-libvo-amrwbenc --enable-libvorbis --enable-libvpx --enable-libwavpack --enable-libwebp --enable-libx264 --enable-libx265 --enable-libxavs --enable-libxvid --enable-libxml2 --enable-libzimg --enable-lzma --enable-zlib
  libavutil      55. 75.100 / 55. 75.100
  libavcodec     57.106.101 / 57.106.101
  libavformat    57. 82.100 / 57. 82.100
  libavdevice    57.  8.101 / 57.  8.101
  libavfilter     6.105.100 /  6.105.100
  libswscale      4.  7.103 /  4.  7.103
  libswresample   2.  8.100 /  2.  8.100
  libpostproc    54.  6.100 / 54.  6.100
Splitting the commandline.
Reading option '-v' ... matched as option 'v' (set logging level) with argument 'debug'.
Reading option '-nostdin' ... matched as option 'stdin' (enable or disable interaction on standard input) with argument 0.
Reading option '-progress' ... matched as option 'progress' (write program-readable progress information) with argument 'C:/Users/Lina/AppData/Local/Temp/KritaFFmpegProgress.rIetYg'.
Reading option '-r' ... matched as option 'r' (set frame rate (Hz value, fraction or abbreviation)) with argument '24'.
Reading option '-start_number' ... matched as AVOption 'start_number' with argument '0'.
Reading option '-i' ... matched as input url with argument 'C:/Users/Lina/OneDrive/Documents/TERRITOIRE/Shune/frame%04d.png'.
Reading option '-vf' ... matched as option 'vf' (set video filters) with argument 'palettegen'.
Reading option '-y' ... matched as option 'y' (overwrite output files) with argument '1'.
Reading option 'C:/Users/Lina/OneDrive/Documents/TERRITOIRE/Shune/palette.png' ... matched as output url.
Finished splitting the commandline.
Parsing a group of options: global .
Applying option v (set logging level) with argument debug.
Applying option nostdin (enable or disable interaction on standard input) with argument 0.
Applying option progress (write program-readable progress information) with argument C:/Users/Lina/AppData/Local/Temp/KritaFFmpegProgress.rIetYg.
[file @ 0000000002635380] Setting default whitelist 'file,crypto'
Applying option y (overwrite output files) with argument 1.
Successfully parsed a group of options.
Parsing a group of options: input url C:/Users/Lina/OneDrive/Documents/TERRITOIRE/Shune/frame%04d.png.
Applying option r (set frame rate (Hz value, fraction or abbreviation)) with argument 24.
Successfully parsed a group of options.
Opening an input file: C:/Users/Lina/OneDrive/Documents/TERRITOIRE/Shune/frame%04d.png.
[image2 @ 0000000002675f60] Opening 'C:/Users/Lina/OneDrive/Documents/TERRITOIRE/Shune/frame0000.png' for reading
[file @ 00000000001d90c0] Setting default whitelist 'file,crypto'
[AVIOContext @ 00000000001d9180] Statistics: 195261 bytes read, 0 seeks
[image2 @ 0000000002675f60] Opening 'C:/Users/Lina/OneDrive/Documents/TERRITOIRE/Shune/frame0001.png' for reading
[file @ 00000000001d9380] Setting default whitelist 'file,crypto'
[AVIOContext @ 00000000001d9440] Statistics: 195261 bytes read, 0 seeks
[image2 @ 0000000002675f60] Opening 'C:/Users/Lina/OneDrive/Documents/TERRITOIRE/Shune/frame0002.png' for reading
[file @ 00000000001d9400] Setting default whitelist 'file,crypto'
[AVIOContext @ 00000000001d9900] Statistics: 195261 bytes read, 0 seeks
[image2 @ 0000000002675f60] Opening 'C:/Users/Lina/OneDrive/Documents/TERRITOIRE/Shune/frame0003.png' for reading
[file @ 00000000001d9900] Setting default whitelist 'file,crypto'
[AVIOContext @ 00000000001d99e0] Statistics: 195261 bytes read, 0 seeks
[image2 @ 0000000002675f60] Opening 'C:/Users/Lina/OneDrive/Documents/TERRITOIRE/Shune/frame0004.png' for reading
[file @ 00000000001d99a0] Setting default whitelist 'file,crypto'
[AVIOContext @ 00000000001d9bc0] Statistics: 195261 bytes read, 0 seeks
[image2 @ 0000000002675f60] Opening 'C:/Users/Lina/OneDrive/Documents/TERRITOIRE/Shune/frame0005.png' for reading
[file @ 00000000001d9bc0] Setting default whitelist 'file,crypto'
[AVIOContext @ 00000000001d9ca0] Statistics: 195261 bytes read, 0 seeks
[image2 @ 0000000002675f60] Opening 'C:/Users/Lina/OneDrive/Documents/TERRITOIRE/Shune/frame0006.png' for reading
[file @ 00000000001d9ec0] Setting default whitelist 'file,crypto'
[AVIOContext @ 00000000001d9bc0] Statistics: 195261 bytes read, 0 seeks
[image2 @ 0000000002675f60] Opening 'C:/Users/Lina/OneDrive/Documents/TERRITOIRE/Shune/frame0007.png' for reading
[file @ 00000000001d9bc0] Setting default whitelist 'file,crypto'
[AVIOContext @ 000000000267e1c0] Statistics: 195255 bytes read, 0 seeks
[image2 @ 0000000002675f60] Opening 'C:/Users/Lina/OneDrive/Documents/TERRITOIRE/Shune/frame0008.png' for reading
[file @ 00000000001d9bc0] Setting default whitelist 'file,crypto'
[AVIOContext @ 000000000267e1c0] Statistics: 195255 bytes read, 0 seeks
[image2 @ 0000000002675f60] Opening 'C:/Users/Lina/OneDrive/Documents/TERRITOIRE/Shune/frame0009.png' for reading
[file @ 000000000267e1c0] Setting default whitelist 'file,crypto'
[AVIOContext @ 000000000267e280] Statistics: 195255 bytes read, 0 seeks
[image2 @ 0000000002675f60] Opening 'C:/Users/Lina/OneDrive/Documents/TERRITOIRE/Shune/frame0010.png' for reading
[file @ 000000000267e240] Setting default whitelist 'file,crypto'
[AVIOContext @ 000000000267e420] Statistics: 195255 bytes read, 0 seeks
[image2 @ 0000000002675f60] Opening 'C:/Users/Lina/OneDrive/Documents/TERRITOIRE/Shune/frame0011.png' for reading
[file @ 000000000267e240] Setting default whitelist 'file,crypto'
[AVIOContext @ 00000000026e8440] Statistics: 195255 bytes read, 0 seeks
[image2 @ 0000000002675f60] Opening 'C:/Users/Lina/OneDrive/Documents/TERRITOIRE/Shune/frame0012.png' for reading
[file @ 000000000267e240] Setting default whitelist 'file,crypto'
[AVIOContext @ 00000000026e8440] Statistics: 195255 bytes read, 0 seeks
[image2 @ 0000000002675f60] Opening 'C:/Users/Lina/OneDrive/Documents/TERRITOIRE/Shune/frame0013.png' for reading
[file @ 000000000267e240] Setting default whitelist 'file,crypto'
[AVIOContext @ 00000000026e8440] Statistics: 195255 bytes read, 0 seeks
[image2 @ 0000000002675f60] Opening 'C:/Users/Lina/OneDrive/Documents/TERRITOIRE/Shune/frame0014.png' for reading
[file @ 000000000267e240] Setting default whitelist 'file,crypto'
[AVIOContext @ 00000000026e8440] Statistics: 195261 bytes read, 0 seeks
[image2 @ 0000000002675f60] Opening 'C:/Users/Lina/OneDrive/Documents/TERRITOIRE/Shune/frame0015.png' for reading
[file @ 000000000267e240] Setting default whitelist 'file,crypto'
[AVIOContext @ 00000000026e8440] Statistics: 195261 bytes read, 0 seeks
[image2 @ 0000000002675f60] Opening 'C:/Users/Lina/OneDrive/Documents/TERRITOIRE/Shune/frame0016.png' for reading
[file @ 000000000267e240] Setting default whitelist 'file,crypto'
[AVIOContext @ 00000000026e8440] Statistics: 195261 bytes read, 0 seeks
[image2 @ 0000000002675f60] Opening 'C:/Users/Lina/OneDrive/Documents/TERRITOIRE/Shune/frame0017.png' for reading
[file @ 000000000267e240] Setting default whitelist 'file,crypto'
[AVIOContext @ 00000000026e8440] Statistics: 195261 bytes read, 0 seeks
[image2 @ 0000000002675f60] Opening 'C:/Users/Lina/OneDrive/Documents/TERRITOIRE/Shune/frame0018.png' for reading
[file @ 000000000267e240] Setting default whitelist 'file,crypto'
[AVIOContext @ 00000000026e8440] Statistics: 195261 bytes read, 0 seeks
[image2 @ 0000000002675f60] Opening 'C:/Users/Lina/OneDrive/Documents/TERRITOIRE/Shune/frame0019.png' for reading
[file @ 000000000267e240] Setting default whitelist 'file,crypto'
[AVIOContext @ 00000000026e8440] Statistics: 195261 bytes read, 0 seeks
[image2 @ 0000000002675f60] Opening 'C:/Users/Lina/OneDrive/Documents/TERRITOIRE/Shune/frame0020.png' for reading
[file @ 000000000267e240] Setting default whitelist 'file,crypto'
[AVIOContext @ 00000000026e8440] Statistics: 195261 bytes read, 0 seeks
[image2 @ 0000000002675f60] Opening 'C:/Users/Lina/OneDrive/Documents/TERRITOIRE/Shune/frame0021.png' for reading
[file @ 000000000267e240] Setting default whitelist 'file,crypto'
[AVIOContext @ 00000000026e8440] Statistics: 195255 bytes read, 0 seeks
[image2 @ 0000000002675f60] Opening 'C:/Users/Lina/OneDrive/Documents/TERRITOIRE/Shune/frame0022.png' for reading
[file @ 000000000267e240] Setting default whitelist 'file,crypto'
[AVIOContext @ 00000000026e8440] Statistics: 195255 bytes read, 0 seeks
[image2 @ 0000000002675f60] Opening 'C:/Users/Lina/OneDrive/Documents/TERRITOIRE/Shune/frame0023.png' for reading
[file @ 000000000267e240] Setting default whitelist 'file,crypto'
[AVIOContext @ 00000000026e8440] Statistics: 195255 bytes read, 0 seeks
[image2 @ 0000000002675f60] Opening 'C:/Users/Lina/OneDrive/Documents/TERRITOIRE/Shune/frame0024.png' for reading
[file @ 000000000267e240] Setting default whitelist 'file,crypto'
[AVIOContext @ 00000000026e8440] Statistics: 195255 bytes read, 0 seeks
[image2 @ 0000000002675f60] Opening 'C:/Users/Lina/OneDrive/Documents/TERRITOIRE/Shune/frame0025.png' for reading
[file @ 000000000267e240] Setting default whitelist 'file,crypto'
[AVIOContext @ 00000000026e8440] Statistics: 195255 bytes read, 0 seeks
[image2 @ 0000000002675f60] Probe buffer size limit of 5000000 bytes reached
Input #0, image2, from 'C:/Users/Lina/OneDrive/Documents/TERRITOIRE/Shune/frame%04d.png':
  Duration: 00:00:01.44, start: 0.000000, bitrate: N/A
    Stream #0:0, 26, 1/25: Video: png, 1 reference frame, rgba64be(pc), 400x500 [SAR 2834:2834 DAR 4:5], 0/1, 25 fps, 25 tbr, 25 tbn, 25 tbc
Successfully opened the file.
Parsing a group of options: output url C:/Users/Lina/OneDrive/Documents/TERRITOIRE/Shune/palette.png.
Applying option vf (set video filters) with argument palettegen.
Successfully parsed a group of options.
Opening an output file: C:/Users/Lina/OneDrive/Documents/TERRITOIRE/Shune/palette.png.
Successfully opened the file.
detected 12 logical cores
Stream mapping:
  Stream #0:0 -> #0:0 (png (native) -> png (native))
cur_dts is invalid (this is harmless if it occurs once at the start per stream)
    Last message repeated 12 times
[graph 0 input from stream 0:0 @ 0000000002677ec0] Setting 'video_size' to value '400x500'
[graph 0 input from stream 0:0 @ 0000000002677ec0] Setting 'pix_fmt' to value '115'
[graph 0 input from stream 0:0 @ 0000000002677ec0] Setting 'time_base' to value '1/24'
[graph 0 input from stream 0:0 @ 0000000002677ec0] Setting 'pixel_aspect' to value '2834/2834'
[graph 0 input from stream 0:0 @ 0000000002677ec0] Setting 'sws_param' to value 'flags=2'
[graph 0 input from stream 0:0 @ 0000000002677ec0] Setting 'frame_rate' to value '24/1'
[graph 0 input from stream 0:0 @ 0000000002677ec0] w:400 h:500 pixfmt:rgba64be tb:1/24 fr:24/1 sar:2834/2834 sws_param:flags=2
[format @ 00000000026b77c0] compat: called with args=[rgb24|rgba|rgb48be|rgba64be|pal8|gray|ya8|gray16be|ya16be|monob]
[format @ 00000000026b77c0] Setting 'pix_fmts' to value 'rgb24|rgba|rgb48be|rgba64be|pal8|gray|ya8|gray16be|ya16be|monob'
[auto_scaler_0 @ 00000000001def00] Setting 'flags' to value 'bicubic'
[auto_scaler_0 @ 00000000001def00] w:iw h:ih flags:'bicubic' interl:0
[Parsed_palettegen_0 @ 000000000267a2a0] auto-inserting filter 'auto_scaler_0' between the filter 'graph 0 input from stream 0:0' and the filter 'Parsed_palettegen_0'
[auto_scaler_1 @ 0000000002701880] Setting 'flags' to value 'bicubic'
[auto_scaler_1 @ 0000000002701880] w:iw h:ih flags:'bicubic' interl:0
[format @ 00000000026b77c0] auto-inserting filter 'auto_scaler_1' between the filter 'Parsed_palettegen_0' and the filter 'format'
[AVFilterGraph @ 00000000026e75a0] query_formats: 4 queried, 1 merged, 2 already done, 0 delayed
[auto_scaler_1 @ 0000000002701880] picking rgba out of 9 ref:bgra alpha:1
[swscaler @ 0000000002da8620] Forcing full internal H chroma due to input having non subsampled chroma
[auto_scaler_0 @ 00000000001def00] w:400 h:500 fmt:rgba64be sar:2834/2834 -> w:400 h:500 fmt:bgra sar:1/1 flags:0x4
[swscaler @ 0000000002e58fa0] Forcing full internal H chroma due to input having non subsampled chroma
[auto_scaler_1 @ 0000000002701880] w:16 h:16 fmt:bgra sar:1/1 -> w:16 h:16 fmt:rgba sar:1/1 flags:0x4
Output #0, image2, to 'C:/Users/Lina/OneDrive/Documents/TERRITOIRE/Shune/palette.png':
  Metadata:
    encoder         : Lavf57.82.100
    Stream #0:0, 0, 1/24: Video: png, 1 reference frame, rgba, 16x16 [SAR 1:1 DAR 1:1], 0/1, q=2-31, 200 kb/s, 24 fps, 24 tbn, 24 tbc
    Metadata:
      encoder         : Lavc57.106.101 png
cur_dts is invalid (this is harmless if it occurs once at the start per stream)
    Last message repeated 13 times
[image2 @ 0000000002675f60] Opening 'C:/Users/Lina/OneDrive/Documents/TERRITOIRE/Shune/frame0026.png' for reading
[file @ 0000000002701a20] Setting default whitelist 'file,crypto'
[AVIOContext @ 0000000002e58080] Statistics: 195255 bytes read, 0 seeks
cur_dts is invalid (this is harmless if it occurs once at the start per stream)
[image2 @ 0000000002675f60] Opening 'C:/Users/Lina/OneDrive/Documents/TERRITOIRE/Shune/frame0027.png' for reading
[file @ 00000000027012e0] Setting default whitelist 'file,crypto'
[AVIOContext @ 0000000002e57e00] Statistics: 195255 bytes read, 0 seeks
cur_dts is invalid (this is harmless if it occurs once at the start per stream)
[image2 @ 0000000002675f60] Opening 'C:/Users/Lina/OneDrive/Documents/TERRITOIRE/Shune/frame0028.png' for reading
[file @ 0000000002700fa0] Setting default whitelist 'file,crypto'
[AVIOContext @ 0000000002e58080] Statistics: 195261 bytes read, 0 seeks
cur_dts is invalid (this is harmless if it occurs once at the start per stream)
[image2 @ 0000000002675f60] Opening 'C:/Users/Lina/OneDrive/Documents/TERRITOIRE/Shune/frame0029.png' for reading
[file @ 0000000002700d20] Setting default whitelist 'file,crypto'
[AVIOContext @ 0000000002e58580] Statistics: 195261 bytes read, 0 seeks
cur_dts is invalid (this is harmless if it occurs once at the start per stream)
[image2 @ 0000000002675f60] Opening 'C:/Users/Lina/OneDrive/Documents/TERRITOIRE/Shune/frame0030.png' for reading
[file @ 0000000002700e00] Setting default whitelist 'file,crypto'
[AVIOContext @ 0000000002e57cc0] Statistics: 195261 bytes read, 0 seeks
cur_dts is invalid (this is harmless if it occurs once at the start per stream)
[image2 @ 0000000002675f60] Opening 'C:/Users/Lina/OneDrive/Documents/TERRITOIRE/Shune/frame0031.png' for reading
[file @ 0000000002701060] Setting default whitelist 'file,crypto'
[AVIOContext @ 0000000002e57e00] Statistics: 195261 bytes read, 0 seeks
cur_dts is invalid (this is harmless if it occurs once at the start per stream)
[image2 @ 0000000002675f60] Opening 'C:/Users/Lina/OneDrive/Documents/TERRITOIRE/Shune/frame0032.png' for reading
[file @ 0000000002701b00] Setting default whitelist 'file,crypto'
[AVIOContext @ 0000000002e577c0] Statistics: 195261 bytes read, 0 seeks
cur_dts is invalid (this is harmless if it occurs once at the start per stream)
[image2 @ 0000000002675f60] Opening 'C:/Users/Lina/OneDrive/Documents/TERRITOIRE/Shune/frame0033.png' for reading
[file @ 0000000002700d20] Setting default whitelist 'file,crypto'
[AVIOContext @ 0000000002e57e00] Statistics: 195261 bytes read, 0 seeks
cur_dts is invalid (this is harmless if it occurs once at the start per stream)
[image2 @ 0000000002675f60] Opening 'C:/Users/Lina/OneDrive/Documents/TERRITOIRE/Shune/frame0034.png' for reading
[file @ 0000000002701200] Setting default whitelist 'file,crypto'
[AVIOContext @ 0000000002e58440] Statistics: 195261 bytes read, 0 seeks
cur_dts is invalid (this is harmless if it occurs once at the start per stream)
[image2 @ 0000000002675f60] Opening 'C:/Users/Lina/OneDrive/Documents/TERRITOIRE/Shune/frame0035.png' for reading
[file @ 0000000002701140] Setting default whitelist 'file,crypto'
[AVIOContext @ 0000000002e577c0] Statistics: 195261 bytes read, 0 seeks
cur_dts is invalid (this is harmless if it occurs once at the start per stream)
    Last message repeated 12 times
[Parsed_palettegen_0 @ 000000000267a2a0] 255(+1) colors generated out of 6228 colors; ratio=0.040944
[Parsed_palettegen_0 @ 000000000267a2a0] Dupped color: FF910F00
    Last message repeated 2 times
[Parsed_palettegen_0 @ 000000000267a2a0] Dupped color: FF921000
[Parsed_palettegen_0 @ 000000000267a2a0] Dupped color: FF931000
    Last message repeated 1 times
[Parsed_palettegen_0 @ 000000000267a2a0] Dupped color: FF941000
[Parsed_palettegen_0 @ 000000000267a2a0] Dupped color: FF951000
    Last message repeated 1 times
[Parsed_palettegen_0 @ 000000000267a2a0] Dupped color: FF971100
[Parsed_palettegen_0 @ 000000000267a2a0] Dupped color: FFA11200
[Parsed_palettegen_0 @ 000000000267a2a0] Dupped color: FFA31300
[Parsed_palettegen_0 @ 000000000267a2a0] Dupped color: FFA81400
[Parsed_palettegen_0 @ 000000000267a2a0] Dupped color: FFAF1500
[Parsed_palettegen_0 @ 000000000267a2a0] Dupped color: FFB01500
[Parsed_palettegen_0 @ 000000000267a2a0] Dupped color: FFB21600
[Parsed_palettegen_0 @ 000000000267a2a0] Dupped color: FFBA1700
[Parsed_palettegen_0 @ 000000000267a2a0] Dupped color: FFBC1800
    Last message repeated 1 times
[Parsed_palettegen_0 @ 000000000267a2a0] Dupped color: FFBF1800
[Parsed_palettegen_0 @ 000000000267a2a0] Dupped color: FFC31900
    Last message repeated 1 times
[Parsed_palettegen_0 @ 000000000267a2a0] Dupped color: FFC71A00
[Parsed_palettegen_0 @ 000000000267a2a0] Dupped color: FFC91B00
    Last message repeated 1 times
[Parsed_palettegen_0 @ 000000000267a2a0] Dupped color: FFCB1B00
[Parsed_palettegen_0 @ 000000000267a2a0] Dupped color: FFCC1B00
    Last message repeated 1 times
[Parsed_palettegen_0 @ 000000000267a2a0] Dupped color: FFCD1C00
[Parsed_palettegen_0 @ 000000000267a2a0] Dupped color: FFCE1C00
[Parsed_palettegen_0 @ 000000000267a2a0] Dupped color: FFCF1C00
[Parsed_palettegen_0 @ 000000000267a2a0] Dupped color: FFD01C00
    Last message repeated 1 times
[Parsed_palettegen_0 @ 000000000267a2a0] Dupped color: FFD11C00
[Parsed_palettegen_0 @ 000000000267a2a0] Dupped color: FFD21D00
    Last message repeated 1 times
[Parsed_palettegen_0 @ 000000000267a2a0] Dupped color: FFD31D00
    Last message repeated 1 times
[Parsed_palettegen_0 @ 000000000267a2a0] Dupped color: FFD41D00
    Last message repeated 1 times
[Parsed_palettegen_0 @ 000000000267a2a0] Dupped color: FFD51E00
[Parsed_palettegen_0 @ 000000000267a2a0] Dupped color: FFD61E00
    Last message repeated 1 times
[Parsed_palettegen_0 @ 000000000267a2a0] Dupped color: FFD71E00
    Last message repeated 1 times
[Parsed_palettegen_0 @ 000000000267a2a0] Dupped color: FFD81E00
[Parsed_palettegen_0 @ 000000000267a2a0] Dupped color: FFD91F00
[Parsed_palettegen_0 @ 000000000267a2a0] Dupped color: FFDA1F00
[Parsed_palettegen_0 @ 000000000267a2a0] Dupped color: FFDB1F00
[Parsed_palettegen_0 @ 000000000267a2a0] Dupped color: FFDC1F00
    Last message repeated 2 times
[Parsed_palettegen_0 @ 000000000267a2a0] Dupped color: FFDD2000
    Last message repeated 1 times
[Parsed_palettegen_0 @ 000000000267a2a0] Dupped color: FFDE2000
[Parsed_palettegen_0 @ 000000000267a2a0] Dupped color: FFDF2000
    Last message repeated 1 times
[Parsed_palettegen_0 @ 000000000267a2a0] Dupped color: FFE02000
[Parsed_palettegen_0 @ 000000000267a2a0] Dupped color: FFE12100
    Last message repeated 1 times
[Parsed_palettegen_0 @ 000000000267a2a0] Dupped color: FFE22100
[Parsed_palettegen_0 @ 000000000267a2a0] Dupped color: FFE32100
[Parsed_palettegen_0 @ 000000000267a2a0] Dupped color: FFE52200
[Parsed_palettegen_0 @ 000000000267a2a0] Dupped color: FFE62200
[Parsed_palettegen_0 @ 000000000267a2a0] Dupped color: FFE72200
    Last message repeated 2 times
[Parsed_palettegen_0 @ 000000000267a2a0] Dupped color: FFE82300
    Last message repeated 2 times
[Parsed_palettegen_0 @ 000000000267a2a0] Dupped color: FFE92300
[Parsed_palettegen_0 @ 000000000267a2a0] Dupped color: FFEA2300
    Last message repeated 2 times
[Parsed_palettegen_0 @ 000000000267a2a0] Dupped color: FFEB2300
[Parsed_palettegen_0 @ 000000000267a2a0] Dupped color: FFEB2400
[Parsed_palettegen_0 @ 000000000267a2a0] Dupped color: FFEE2400
[Parsed_palettegen_0 @ 000000000267a2a0] Dupped color: FFEF2500
[Parsed_palettegen_0 @ 000000000267a2a0] Dupped color: FFF02500
[Parsed_palettegen_0 @ 000000000267a2a0] Dupped color: FFF12500
    Last message repeated 1 times
[Parsed_palettegen_0 @ 000000000267a2a0] Dupped color: FFF22600
[Parsed_palettegen_0 @ 000000000267a2a0] Dupped color: FFF32600
[Parsed_palettegen_0 @ 000000000267a2a0] Dupped color: FFF42600
    Last message repeated 1 times
[Parsed_palettegen_0 @ 000000000267a2a0] Dupped color: FFF52600
[Parsed_palettegen_0 @ 000000000267a2a0] Dupped color: FFF62700
    Last message repeated 1 times
[Parsed_palettegen_0 @ 000000000267a2a0] Dupped color: FFF72700
    Last message repeated 1 times
[Parsed_palettegen_0 @ 000000000267a2a0] Dupped color: FFF82700
[Parsed_palettegen_0 @ 000000000267a2a0] Dupped color: FFF92800
    Last message repeated 1 times
[Parsed_palettegen_0 @ 000000000267a2a0] Dupped color: FFFA2800
[Parsed_palettegen_0 @ 000000000267a2a0] Dupped color: FFFB2800
    Last message repeated 2 times
[Parsed_palettegen_0 @ 000000000267a2a0] Dupped color: FFFC2900
    Last message repeated 2 times
[Parsed_palettegen_0 @ 000000000267a2a0] Dupped color: FFFD2900
[Parsed_palettegen_0 @ 000000000267a2a0] Dupped color: FFFE2900
    Last message repeated 1 times
[Parsed_palettegen_0 @ 000000000267a2a0] Dupped color: FFFF2900
[Parsed_palettegen_0 @ 000000000267a2a0] Dupped color: FFFF2A00
    Last message repeated 14 times
[swscaler @ 0000000002e58fa0] Forcing full internal H chroma due to input having non subsampled chroma
[auto_scaler_1 @ 0000000002701880] w:16 h:16 fmt:bgra sar:0/1 -> w:16 h:16 fmt:rgba sar:0/1 flags:0x4
cur_dts is invalid (this is harmless if it occurs once at the start per stream)
Clipping frame in rate conversion by 0.000008
cur_dts is invalid (this is harmless if it occurs once at the start per stream)
[out_0_0 @ 0000000002aaeec0] EOF on sink link out_0_0:default.
No more output streams to write to, finishing.
[image2 @ 00000000001d7bc0] Opening 'C:/Users/Lina/OneDrive/Documents/TERRITOIRE/Shune/palette.png' for writing
[file @ 00000000027013a0] Setting default whitelist 'file,crypto'
[AVIOContext @ 0000000002e58300] Statistics: 0 seeks, 1 writeouts
frame=    1 fps=0.0 q=-0.0 Lsize=N/A time=00:00:00.04 bitrate=N/A speed=0.135x    
[AVIOContext @ 0000000002675e20] Statistics: 0 seeks, 1 writeouts
video:0kB audio:0kB subtitle:0kB other streams:0kB global headers:0kB muxing overhead: unknown
Input file #0 (C:/Users/Lina/OneDrive/Documents/TERRITOIRE/Shune/frame%04d.png):
  Input stream #0:0 (video): 36 packets read (7029312 bytes); 36 frames decoded; 
  Total: 36 packets (7029312 bytes) demuxed
Output file #0 (C:/Users/Lina/OneDrive/Documents/TERRITOIRE/Shune/palette.png):
  Output stream #0:0 (video): 1 frames encoded; 1 packets muxed (393 bytes); 
  Total: 1 packets (393 bytes) muxed
36 frames successfully decoded, 0 decoding errors
