ffmpeg version N-87327-g18821e3 Copyright (c) 2000-2017 the FFmpeg developers
  built with gcc 7.2.0 (GCC)
  configuration: --enable-gpl --enable-version3 --enable-cuda --enable-cuvid --enable-d3d11va --enable-dxva2 --enable-libmfx --enable-nvenc --enable-avisynth --enable-bzlib --enable-fontconfig --enable-frei0r --enable-gnutls --enable-iconv --enable-libass --enable-libbluray --enable-libbs2b --enable-libcaca --enable-libfreetype --enable-libgme --enable-libgsm --enable-libilbc --enable-libmodplug --enable-libmp3lame --enable-libopencore-amrnb --enable-libopencore-amrwb --enable-libopenh264 --enable-libopenjpeg --enable-libopus --enable-librtmp --enable-libsnappy --enable-libsoxr --enable-libspeex --enable-libtheora --enable-libtwolame --enable-libvidstab --enable-libvo-amrwbenc --enable-libvorbis --enable-libvpx --enable-libwavpack --enable-libwebp --enable-libx264 --enable-libx265 --enable-libxavs --enable-libxvid --enable-libxml2 --enable-libzimg --enable-lzma --enable-zlib
  libavutil      55. 75.100 / 55. 75.100
  libavcodec     57.106.101 / 57.106.101
  libavformat    57. 82.100 / 57. 82.100
  libavdevice    57.  8.101 / 57.  8.101
  libavfilter     6.105.100 /  6.105.100
  libswscale      4.  7.103 /  4.  7.103
  libswresample   2.  8.100 /  2.  8.100
  libpostproc    54.  6.100 / 54.  6.100
Splitting the commandline.
Reading option '-v' ... matched as option 'v' (set logging level) with argument 'debug'.
Reading option '-nostdin' ... matched as option 'stdin' (enable or disable interaction on standard input) with argument 0.
Reading option '-progress' ... matched as option 'progress' (write program-readable progress information) with argument 'C:/Users/Lina/AppData/Local/Temp/KritaFFmpegProgress.wlHmFj'.
Reading option '-r' ... matched as option 'r' (set frame rate (Hz value, fraction or abbreviation)) with argument '24'.
Reading option '-start_number' ... matched as AVOption 'start_number' with argument '0'.
Reading option '-i' ... matched as input url with argument 'C:/Users/Lina/OneDrive/Documents/TERRITOIRE/frame%04d.png'.
Reading option '-vf' ... matched as option 'vf' (set video filters) with argument 'palettegen'.
Reading option '-y' ... matched as option 'y' (overwrite output files) with argument '1'.
Reading option 'C:/Users/Lina/OneDrive/Documents/TERRITOIRE/palette.png' ... matched as output url.
Finished splitting the commandline.
Parsing a group of options: global .
Applying option v (set logging level) with argument debug.
Applying option nostdin (enable or disable interaction on standard input) with argument 0.
Applying option progress (write program-readable progress information) with argument C:/Users/Lina/AppData/Local/Temp/KritaFFmpegProgress.wlHmFj.
[file @ 0000000002725420] Setting default whitelist 'file,crypto'
Applying option y (overwrite output files) with argument 1.
Successfully parsed a group of options.
Parsing a group of options: input url C:/Users/Lina/OneDrive/Documents/TERRITOIRE/frame%04d.png.
Applying option r (set frame rate (Hz value, fraction or abbreviation)) with argument 24.
Successfully parsed a group of options.
Opening an input file: C:/Users/Lina/OneDrive/Documents/TERRITOIRE/frame%04d.png.
[image2 @ 0000000002765f00] Opening 'C:/Users/Lina/OneDrive/Documents/TERRITOIRE/frame0000.png' for reading
[file @ 0000000000da9100] Setting default whitelist 'file,crypto'
[AVIOContext @ 0000000000da91e0] Statistics: 194518 bytes read, 0 seeks
[image2 @ 0000000002765f00] Opening 'C:/Users/Lina/OneDrive/Documents/TERRITOIRE/frame0001.png' for reading
[file @ 0000000000da93c0] Setting default whitelist 'file,crypto'
[AVIOContext @ 0000000000da94a0] Statistics: 194518 bytes read, 0 seeks
[image2 @ 0000000002765f00] Opening 'C:/Users/Lina/OneDrive/Documents/TERRITOIRE/frame0002.png' for reading
[file @ 0000000000da9460] Setting default whitelist 'file,crypto'
[AVIOContext @ 0000000000da9960] Statistics: 194518 bytes read, 0 seeks
[image2 @ 0000000002765f00] Opening 'C:/Users/Lina/OneDrive/Documents/TERRITOIRE/frame0003.png' for reading
[file @ 0000000000da9960] Setting default whitelist 'file,crypto'
[AVIOContext @ 0000000000da9a20] Statistics: 194518 bytes read, 0 seeks
[image2 @ 0000000002765f00] Opening 'C:/Users/Lina/OneDrive/Documents/TERRITOIRE/frame0004.png' for reading
[file @ 0000000000da99e0] Setting default whitelist 'file,crypto'
[AVIOContext @ 0000000000da9c20] Statistics: 194518 bytes read, 0 seeks
[image2 @ 0000000002765f00] Opening 'C:/Users/Lina/OneDrive/Documents/TERRITOIRE/frame0005.png' for reading
[file @ 0000000000da9c20] Setting default whitelist 'file,crypto'
[AVIOContext @ 0000000000da9ce0] Statistics: 194518 bytes read, 0 seeks
[image2 @ 0000000002765f00] Opening 'C:/Users/Lina/OneDrive/Documents/TERRITOIRE/frame0006.png' for reading
[file @ 0000000000da9c20] Setting default whitelist 'file,crypto'
[AVIOContext @ 0000000000da9ce0] Statistics: 194518 bytes read, 0 seeks
[image2 @ 0000000002765f00] Opening 'C:/Users/Lina/OneDrive/Documents/TERRITOIRE/frame0007.png' for reading
[file @ 0000000000da9ca0] Setting default whitelist 'file,crypto'
[AVIOContext @ 000000000276e1c0] Statistics: 194518 bytes read, 0 seeks
[image2 @ 0000000002765f00] Opening 'C:/Users/Lina/OneDrive/Documents/TERRITOIRE/frame0008.png' for reading
[file @ 000000000276e1c0] Setting default whitelist 'file,crypto'
[AVIOContext @ 000000000276e280] Statistics: 194682 bytes read, 0 seeks
[image2 @ 0000000002765f00] Opening 'C:/Users/Lina/OneDrive/Documents/TERRITOIRE/frame0009.png' for reading
[file @ 000000000276e240] Setting default whitelist 'file,crypto'
[AVIOContext @ 000000000276e420] Statistics: 194682 bytes read, 0 seeks
[image2 @ 0000000002765f00] Opening 'C:/Users/Lina/OneDrive/Documents/TERRITOIRE/frame0010.png' for reading
[file @ 000000000276e420] Setting default whitelist 'file,crypto'
[AVIOContext @ 000000000276e500] Statistics: 194682 bytes read, 0 seeks
[image2 @ 0000000002765f00] Opening 'C:/Users/Lina/OneDrive/Documents/TERRITOIRE/frame0011.png' for reading
[file @ 000000000276e420] Setting default whitelist 'file,crypto'
[AVIOContext @ 000000000276e500] Statistics: 194682 bytes read, 0 seeks
[image2 @ 0000000002765f00] Opening 'C:/Users/Lina/OneDrive/Documents/TERRITOIRE/frame0012.png' for reading
[file @ 000000000276e420] Setting default whitelist 'file,crypto'
[AVIOContext @ 000000000276e500] Statistics: 194682 bytes read, 0 seeks
[image2 @ 0000000002765f00] Opening 'C:/Users/Lina/OneDrive/Documents/TERRITOIRE/frame0013.png' for reading
[file @ 000000000276e420] Setting default whitelist 'file,crypto'
[AVIOContext @ 000000000276e500] Statistics: 194682 bytes read, 0 seeks
[image2 @ 0000000002765f00] Opening 'C:/Users/Lina/OneDrive/Documents/TERRITOIRE/frame0014.png' for reading
[file @ 000000000276e420] Setting default whitelist 'file,crypto'
[AVIOContext @ 000000000276e500] Statistics: 194682 bytes read, 0 seeks
[image2 @ 0000000002765f00] Opening 'C:/Users/Lina/OneDrive/Documents/TERRITOIRE/frame0015.png' for reading
[file @ 000000000276e420] Setting default whitelist 'file,crypto'
[AVIOContext @ 000000000276e500] Statistics: 194682 bytes read, 0 seeks
[image2 @ 0000000002765f00] Opening 'C:/Users/Lina/OneDrive/Documents/TERRITOIRE/frame0016.png' for reading
[file @ 000000000276e420] Setting default whitelist 'file,crypto'
[AVIOContext @ 000000000276e500] Statistics: 194208 bytes read, 0 seeks
[image2 @ 0000000002765f00] Opening 'C:/Users/Lina/OneDrive/Documents/TERRITOIRE/frame0017.png' for reading
[file @ 000000000276e420] Setting default whitelist 'file,crypto'
[AVIOContext @ 000000000276e500] Statistics: 194208 bytes read, 0 seeks
[image2 @ 0000000002765f00] Opening 'C:/Users/Lina/OneDrive/Documents/TERRITOIRE/frame0018.png' for reading
[file @ 000000000276e420] Setting default whitelist 'file,crypto'
[AVIOContext @ 000000000276e500] Statistics: 194208 bytes read, 0 seeks
[image2 @ 0000000002765f00] Opening 'C:/Users/Lina/OneDrive/Documents/TERRITOIRE/frame0019.png' for reading
[file @ 000000000276e420] Setting default whitelist 'file,crypto'
[AVIOContext @ 000000000276e500] Statistics: 194208 bytes read, 0 seeks
[image2 @ 0000000002765f00] Opening 'C:/Users/Lina/OneDrive/Documents/TERRITOIRE/frame0020.png' for reading
[file @ 000000000276e420] Setting default whitelist 'file,crypto'
[AVIOContext @ 000000000276e500] Statistics: 194208 bytes read, 0 seeks
[image2 @ 0000000002765f00] Opening 'C:/Users/Lina/OneDrive/Documents/TERRITOIRE/frame0021.png' for reading
[file @ 000000000276e420] Setting default whitelist 'file,crypto'
[AVIOContext @ 000000000276e500] Statistics: 194208 bytes read, 0 seeks
[image2 @ 0000000002765f00] Opening 'C:/Users/Lina/OneDrive/Documents/TERRITOIRE/frame0022.png' for reading
[file @ 000000000276e420] Setting default whitelist 'file,crypto'
[AVIOContext @ 000000000276e500] Statistics: 194208 bytes read, 0 seeks
[image2 @ 0000000002765f00] Opening 'C:/Users/Lina/OneDrive/Documents/TERRITOIRE/frame0023.png' for reading
[file @ 000000000276e420] Setting default whitelist 'file,crypto'
[AVIOContext @ 000000000276e500] Statistics: 194208 bytes read, 0 seeks
[image2 @ 0000000002765f00] Opening 'C:/Users/Lina/OneDrive/Documents/TERRITOIRE/frame0024.png' for reading
[file @ 000000000276e420] Setting default whitelist 'file,crypto'
[AVIOContext @ 000000000276e500] Statistics: 194208 bytes read, 0 seeks
[image2 @ 0000000002765f00] Opening 'C:/Users/Lina/OneDrive/Documents/TERRITOIRE/frame0025.png' for reading
[file @ 000000000276e420] Setting default whitelist 'file,crypto'
[AVIOContext @ 000000000276e500] Statistics: 194873 bytes read, 0 seeks
[image2 @ 0000000002765f00] Probe buffer size limit of 5000000 bytes reached
Input #0, image2, from 'C:/Users/Lina/OneDrive/Documents/TERRITOIRE/frame%04d.png':
  Duration: 00:00:01.76, start: 0.000000, bitrate: N/A
    Stream #0:0, 26, 1/25: Video: png, 1 reference frame, rgba64be(pc), 400x500 [SAR 2834:2834 DAR 4:5], 0/1, 25 fps, 25 tbr, 25 tbn, 25 tbc
Successfully opened the file.
Parsing a group of options: output url C:/Users/Lina/OneDrive/Documents/TERRITOIRE/palette.png.
Applying option vf (set video filters) with argument palettegen.
Successfully parsed a group of options.
Opening an output file: C:/Users/Lina/OneDrive/Documents/TERRITOIRE/palette.png.
Successfully opened the file.
detected 12 logical cores
Stream mapping:
  Stream #0:0 -> #0:0 (png (native) -> png (native))
cur_dts is invalid (this is harmless if it occurs once at the start per stream)
    Last message repeated 12 times
[graph 0 input from stream 0:0 @ 00000000027feec0] Setting 'video_size' to value '400x500'
[graph 0 input from stream 0:0 @ 00000000027feec0] Setting 'pix_fmt' to value '115'
[graph 0 input from stream 0:0 @ 00000000027feec0] Setting 'time_base' to value '1/24'
[graph 0 input from stream 0:0 @ 00000000027feec0] Setting 'pixel_aspect' to value '2834/2834'
[graph 0 input from stream 0:0 @ 00000000027feec0] Setting 'sws_param' to value 'flags=2'
[graph 0 input from stream 0:0 @ 00000000027feec0] Setting 'frame_rate' to value '24/1'
[graph 0 input from stream 0:0 @ 00000000027feec0] w:400 h:500 pixfmt:rgba64be tb:1/24 fr:24/1 sar:2834/2834 sws_param:flags=2
[format @ 0000000000da9380] compat: called with args=[rgb24|rgba|rgb48be|rgba64be|pal8|gray|ya8|gray16be|ya16be|monob]
[format @ 0000000000da9380] Setting 'pix_fmts' to value 'rgb24|rgba|rgb48be|rgba64be|pal8|gray|ya8|gray16be|ya16be|monob'
[auto_scaler_0 @ 0000000002b80d60] Setting 'flags' to value 'bicubic'
[auto_scaler_0 @ 0000000002b80d60] w:iw h:ih flags:'bicubic' interl:0
[Parsed_palettegen_0 @ 0000000000da9e80] auto-inserting filter 'auto_scaler_0' between the filter 'graph 0 input from stream 0:0' and the filter 'Parsed_palettegen_0'
[auto_scaler_1 @ 0000000002b91800] Setting 'flags' to value 'bicubic'
[auto_scaler_1 @ 0000000002b91800] w:iw h:ih flags:'bicubic' interl:0
[format @ 0000000000da9380] auto-inserting filter 'auto_scaler_1' between the filter 'Parsed_palettegen_0' and the filter 'format'
[AVFilterGraph @ 0000000002767ee0] query_formats: 4 queried, 1 merged, 2 already done, 0 delayed
[auto_scaler_1 @ 0000000002b91800] picking rgba out of 9 ref:bgra alpha:1
[swscaler @ 0000000002e94d60] Forcing full internal H chroma due to input having non subsampled chroma
[auto_scaler_0 @ 0000000002b80d60] w:400 h:500 fmt:rgba64be sar:2834/2834 -> w:400 h:500 fmt:bgra sar:1/1 flags:0x4
[swscaler @ 0000000002f4ee20] Forcing full internal H chroma due to input having non subsampled chroma
[auto_scaler_1 @ 0000000002b91800] w:16 h:16 fmt:bgra sar:1/1 -> w:16 h:16 fmt:rgba sar:1/1 flags:0x4
Output #0, image2, to 'C:/Users/Lina/OneDrive/Documents/TERRITOIRE/palette.png':
  Metadata:
    encoder         : Lavf57.82.100
    Stream #0:0, 0, 1/24: Video: png, 1 reference frame, rgba, 16x16 [SAR 1:1 DAR 1:1], 0/1, q=2-31, 200 kb/s, 24 fps, 24 tbn, 24 tbc
    Metadata:
      encoder         : Lavc57.106.101 png
cur_dts is invalid (this is harmless if it occurs once at the start per stream)
    Last message repeated 13 times
[image2 @ 0000000002765f00] Opening 'C:/Users/Lina/OneDrive/Documents/TERRITOIRE/frame0026.png' for reading
[file @ 0000000002b91660] Setting default whitelist 'file,crypto'
[AVIOContext @ 000000000276e2e0] Statistics: 194873 bytes read, 0 seeks
cur_dts is invalid (this is harmless if it occurs once at the start per stream)
[image2 @ 0000000002765f00] Opening 'C:/Users/Lina/OneDrive/Documents/TERRITOIRE/frame0027.png' for reading
[file @ 0000000002b914c0] Setting default whitelist 'file,crypto'
[AVIOContext @ 000000000276e2e0] Statistics: 194873 bytes read, 0 seeks
cur_dts is invalid (this is harmless if it occurs once at the start per stream)
[image2 @ 0000000002765f00] Opening 'C:/Users/Lina/OneDrive/Documents/TERRITOIRE/frame0028.png' for reading
[file @ 0000000002b90fe0] Setting default whitelist 'file,crypto'
[AVIOContext @ 000000000276e2e0] Statistics: 194873 bytes read, 0 seeks
cur_dts is invalid (this is harmless if it occurs once at the start per stream)
[image2 @ 0000000002765f00] Opening 'C:/Users/Lina/OneDrive/Documents/TERRITOIRE/frame0029.png' for reading
[file @ 0000000002b91240] Setting default whitelist 'file,crypto'
[AVIOContext @ 000000000276e2e0] Statistics: 194873 bytes read, 0 seeks
cur_dts is invalid (this is harmless if it occurs once at the start per stream)
[image2 @ 0000000002765f00] Opening 'C:/Users/Lina/OneDrive/Documents/TERRITOIRE/frame0030.png' for reading
[file @ 0000000002b91c00] Setting default whitelist 'file,crypto'
[AVIOContext @ 000000000276e2e0] Statistics: 194873 bytes read, 0 seeks
cur_dts is invalid (this is harmless if it occurs once at the start per stream)
[image2 @ 0000000002765f00] Opening 'C:/Users/Lina/OneDrive/Documents/TERRITOIRE/frame0031.png' for reading
[file @ 0000000002b91b40] Setting default whitelist 'file,crypto'
[AVIOContext @ 000000000276e2e0] Statistics: 194873 bytes read, 0 seeks
cur_dts is invalid (this is harmless if it occurs once at the start per stream)
[image2 @ 0000000002765f00] Opening 'C:/Users/Lina/OneDrive/Documents/TERRITOIRE/frame0032.png' for reading
[file @ 0000000002b91660] Setting default whitelist 'file,crypto'
[AVIOContext @ 000000000276e2e0] Statistics: 194873 bytes read, 0 seeks
cur_dts is invalid (this is harmless if it occurs once at the start per stream)
[image2 @ 0000000002765f00] Opening 'C:/Users/Lina/OneDrive/Documents/TERRITOIRE/frame0033.png' for reading
[file @ 0000000002b90f00] Setting default whitelist 'file,crypto'
[AVIOContext @ 000000000276e2e0] Statistics: 194873 bytes read, 0 seeks
cur_dts is invalid (this is harmless if it occurs once at the start per stream)
[image2 @ 0000000002765f00] Opening 'C:/Users/Lina/OneDrive/Documents/TERRITOIRE/frame0034.png' for reading
[file @ 0000000002b913e0] Setting default whitelist 'file,crypto'
[AVIOContext @ 000000000276e2e0] Statistics: 194720 bytes read, 0 seeks
cur_dts is invalid (this is harmless if it occurs once at the start per stream)
[image2 @ 0000000002765f00] Opening 'C:/Users/Lina/OneDrive/Documents/TERRITOIRE/frame0035.png' for reading
[file @ 0000000002b91ce0] Setting default whitelist 'file,crypto'
[AVIOContext @ 000000000276e2e0] Statistics: 194720 bytes read, 0 seeks
cur_dts is invalid (this is harmless if it occurs once at the start per stream)
[image2 @ 0000000002765f00] Opening 'C:/Users/Lina/OneDrive/Documents/TERRITOIRE/frame0036.png' for reading
[file @ 0000000002b91240] Setting default whitelist 'file,crypto'
[AVIOContext @ 000000000276e2e0] Statistics: 194720 bytes read, 0 seeks
cur_dts is invalid (this is harmless if it occurs once at the start per stream)
[image2 @ 0000000002765f00] Opening 'C:/Users/Lina/OneDrive/Documents/TERRITOIRE/frame0037.png' for reading
[file @ 0000000002b918c0] Setting default whitelist 'file,crypto'
[AVIOContext @ 000000000276e2e0] Statistics: 194720 bytes read, 0 seeks
cur_dts is invalid (this is harmless if it occurs once at the start per stream)
[image2 @ 0000000002765f00] Opening 'C:/Users/Lina/OneDrive/Documents/TERRITOIRE/frame0038.png' for reading
[file @ 0000000002b913e0] Setting default whitelist 'file,crypto'
[AVIOContext @ 000000000276e2e0] Statistics: 194720 bytes read, 0 seeks
cur_dts is invalid (this is harmless if it occurs once at the start per stream)
[image2 @ 0000000002765f00] Opening 'C:/Users/Lina/OneDrive/Documents/TERRITOIRE/frame0039.png' for reading
[file @ 0000000002b91180] Setting default whitelist 'file,crypto'
[AVIOContext @ 000000000276e2e0] Statistics: 194720 bytes read, 0 seeks
cur_dts is invalid (this is harmless if it occurs once at the start per stream)
[image2 @ 0000000002765f00] Opening 'C:/Users/Lina/OneDrive/Documents/TERRITOIRE/frame0040.png' for reading
[file @ 0000000002b91180] Setting default whitelist 'file,crypto'
[AVIOContext @ 000000000276e2e0] Statistics: 194720 bytes read, 0 seeks
cur_dts is invalid (this is harmless if it occurs once at the start per stream)
[image2 @ 0000000002765f00] Opening 'C:/Users/Lina/OneDrive/Documents/TERRITOIRE/frame0041.png' for reading
[file @ 0000000002b90fe0] Setting default whitelist 'file,crypto'
[AVIOContext @ 000000000276e2e0] Statistics: 194720 bytes read, 0 seeks
cur_dts is invalid (this is harmless if it occurs once at the start per stream)
[image2 @ 0000000002765f00] Opening 'C:/Users/Lina/OneDrive/Documents/TERRITOIRE/frame0042.png' for reading
[file @ 0000000002b91b40] Setting default whitelist 'file,crypto'
[AVIOContext @ 000000000276e2e0] Statistics: 194720 bytes read, 0 seeks
cur_dts is invalid (this is harmless if it occurs once at the start per stream)
[image2 @ 0000000002765f00] Opening 'C:/Users/Lina/OneDrive/Documents/TERRITOIRE/frame0043.png' for reading
[file @ 0000000002b90fe0] Setting default whitelist 'file,crypto'
[AVIOContext @ 000000000276e2e0] Statistics: 194720 bytes read, 0 seeks
cur_dts is invalid (this is harmless if it occurs once at the start per stream)
    Last message repeated 12 times
[Parsed_palettegen_0 @ 0000000000da9e80] 255(+1) colors generated out of 6374 colors; ratio=0.040006
[Parsed_palettegen_0 @ 0000000000da9e80] Dupped color: FF15B112
    Last message repeated 5 times
[Parsed_palettegen_0 @ 0000000000da9e80] Dupped color: FF22B81F
    Last message repeated 1 times
[Parsed_palettegen_0 @ 0000000000da9e80] Dupped color: FF37C635
    Last message repeated 4 times
[Parsed_palettegen_0 @ 0000000000da9e80] Dupped color: FF38C736
[Parsed_palettegen_0 @ 0000000000da9e80] Dupped color: FF3ACA38
[Parsed_palettegen_0 @ 0000000000da9e80] Dupped color: FF3BCB39
[Parsed_palettegen_0 @ 0000000000da9e80] Dupped color: FF3DCD3B
[Parsed_palettegen_0 @ 0000000000da9e80] Dupped color: FF3ECE3C
[Parsed_palettegen_0 @ 0000000000da9e80] Dupped color: FF3FCE3D
    Last message repeated 1 times
[Parsed_palettegen_0 @ 0000000000da9e80] Dupped color: FF3FCF3D
[Parsed_palettegen_0 @ 0000000000da9e80] Dupped color: FF40D03E
    Last message repeated 2 times
[Parsed_palettegen_0 @ 0000000000da9e80] Dupped color: FF41D13F
[Parsed_palettegen_0 @ 0000000000da9e80] Dupped color: FF42D240
    Last message repeated 1 times
[Parsed_palettegen_0 @ 0000000000da9e80] Dupped color: FF43D341
[Parsed_palettegen_0 @ 0000000000da9e80] Dupped color: FF45D543
[Parsed_palettegen_0 @ 0000000000da9e80] Dupped color: FF46D644
    Last message repeated 1 times
[Parsed_palettegen_0 @ 0000000000da9e80] Dupped color: FF47D745
[Parsed_palettegen_0 @ 0000000000da9e80] Dupped color: FF48D846
[Parsed_palettegen_0 @ 0000000000da9e80] Dupped color: FF4ADB48
[Parsed_palettegen_0 @ 0000000000da9e80] Dupped color: FF4BDC49
    Last message repeated 2 times
[Parsed_palettegen_0 @ 0000000000da9e80] Dupped color: FF4CDD4A
[Parsed_palettegen_0 @ 0000000000da9e80] Dupped color: FF4CDE4A
[Parsed_palettegen_0 @ 0000000000da9e80] Dupped color: FF4DDF4B
[Parsed_palettegen_0 @ 0000000000da9e80] Dupped color: FF4DE04C
[Parsed_palettegen_0 @ 0000000000da9e80] Dupped color: FF4FE24D
[Parsed_palettegen_0 @ 0000000000da9e80] Dupped color: FF50E34E
[Parsed_palettegen_0 @ 0000000000da9e80] Dupped color: FF51E44F
    Last message repeated 3 times
[Parsed_palettegen_0 @ 0000000000da9e80] Dupped color: FF52E550
[Parsed_palettegen_0 @ 0000000000da9e80] Dupped color: FF53E651
[Parsed_palettegen_0 @ 0000000000da9e80] Dupped color: FF53E751
[Parsed_palettegen_0 @ 0000000000da9e80] Dupped color: FF54E852
    Last message repeated 1 times
[Parsed_palettegen_0 @ 0000000000da9e80] Dupped color: FF56EB54
[Parsed_palettegen_0 @ 0000000000da9e80] Dupped color: FF57EC55
    Last message repeated 1 times
[Parsed_palettegen_0 @ 0000000000da9e80] Dupped color: FF58ED56
    Last message repeated 1 times
[Parsed_palettegen_0 @ 0000000000da9e80] Dupped color: FF5AF058
[Parsed_palettegen_0 @ 0000000000da9e80] Dupped color: FF5BF159
[Parsed_palettegen_0 @ 0000000000da9e80] Dupped color: FF5BF259
[Parsed_palettegen_0 @ 0000000000da9e80] Dupped color: FF5DF45B
[Parsed_palettegen_0 @ 0000000000da9e80] Dupped color: FF5EF65C
[Parsed_palettegen_0 @ 0000000000da9e80] Dupped color: FF5FF75D
[Parsed_palettegen_0 @ 0000000000da9e80] Dupped color: FF60F85E
[Parsed_palettegen_0 @ 0000000000da9e80] Dupped color: FF60F95E
[Parsed_palettegen_0 @ 0000000000da9e80] Dupped color: FF61FA5F
    Last message repeated 1 times
[Parsed_palettegen_0 @ 0000000000da9e80] Dupped color: FF63FD61
    Last message repeated 1 times
[Parsed_palettegen_0 @ 0000000000da9e80] Dupped color: FF64FE62
    Last message repeated 2 times
[Parsed_palettegen_0 @ 0000000000da9e80] Dupped color: FF65FF63
    Last message repeated 6 times
[swscaler @ 0000000002f4ee20] Forcing full internal H chroma due to input having non subsampled chroma
[auto_scaler_1 @ 0000000002b91800] w:16 h:16 fmt:bgra sar:0/1 -> w:16 h:16 fmt:rgba sar:0/1 flags:0x4
cur_dts is invalid (this is harmless if it occurs once at the start per stream)
Clipping frame in rate conversion by 0.000008
cur_dts is invalid (this is harmless if it occurs once at the start per stream)
[out_0_0 @ 0000000002b7ea00] EOF on sink link out_0_0:default.
No more output streams to write to, finishing.
[image2 @ 0000000000da80c0] Opening 'C:/Users/Lina/OneDrive/Documents/TERRITOIRE/palette.png' for writing
[file @ 0000000002b91180] Setting default whitelist 'file,crypto'
[AVIOContext @ 000000000276e2e0] Statistics: 0 seeks, 1 writeouts
frame=    1 fps=0.0 q=-0.0 Lsize=N/A time=00:00:00.04 bitrate=N/A speed=0.117x    
[AVIOContext @ 0000000002765dc0] Statistics: 0 seeks, 1 writeouts
video:1kB audio:0kB subtitle:0kB other streams:0kB global headers:0kB muxing overhead: unknown
Input file #0 (C:/Users/Lina/OneDrive/Documents/TERRITOIRE/frame%04d.png):
  Input stream #0:0 (video): 44 packets read (8562529 bytes); 44 frames decoded; 
  Total: 44 packets (8562529 bytes) demuxed
Output file #0 (C:/Users/Lina/OneDrive/Documents/TERRITOIRE/palette.png):
  Output stream #0:0 (video): 1 frames encoded; 1 packets muxed (684 bytes); 
  Total: 1 packets (684 bytes) muxed
44 frames successfully decoded, 0 decoding errors
